\BOOKMARK [0][]{chapter*.1}{\376\377\144\130\000\040\000\040\000\040\000\040\211\201}{}% 1
\BOOKMARK [0][]{chapter*.2}{\376\377\000A\000B\000S\000T\000R\000A\000C\000T\377\010\202\361\145\207\144\130\211\201\377\011}{}% 2
\BOOKMARK [0][]{chapter.1}{\376\377\0001\000\040\176\352\213\272}{}% 3
\BOOKMARK [1][]{section.1.1}{\376\377\0001\000.\0001\000\040\170\024\172\166\200\314\146\157}{chapter.1}% 4
\BOOKMARK [2][]{subsection.1.1.1}{\376\377\0001\000.\0001\000.\0001\000\040\174\276\176\306\121\234\116\032}{section.1.1}% 5
\BOOKMARK [2][]{subsection.1.1.2}{\376\377\0001\000.\0001\000.\0002\000\040\176\323\147\204\166\321\155\113}{section.1.1}% 6
\BOOKMARK [2][]{subsection.1.1.3}{\376\377\0001\000.\0001\000.\0003\000\040\161\144\167\377\133\211\121\150\166\321\155\113}{section.1.1}% 7
\BOOKMARK [1][]{section.1.2}{\376\377\0001\000.\0002\000\040\170\024\172\166\121\205\133\271}{chapter.1}% 8
\BOOKMARK [1][]{section.1.3}{\376\377\0001\000.\0003\000\040\172\340\202\202\133\211\143\222}{chapter.1}% 9
\BOOKMARK [0][]{chapter.2}{\376\377\0002\000\040\145\340\176\277\117\040\141\037\126\150\177\121\176\334}{}% 10
\BOOKMARK [1][]{section.2.1}{\376\377\0002\000.\0001\000\040\145\340\176\277\117\040\141\037\126\150\177\121\176\334\173\200\116\313}{chapter.2}% 11
\BOOKMARK [2][]{subsection.2.1.1}{\376\377\0002\000.\0001\000.\0001\000\040\145\340\176\277\117\040\141\037\126\150\177\121\176\334\176\323\147\204}{section.2.1}% 12
\BOOKMARK [2][]{subsection.2.1.2}{\376\377\0002\000.\0001\000.\0002\000\040\117\040\141\037\126\150\202\202\160\271\176\323\147\204}{section.2.1}% 13
\BOOKMARK [2][]{subsection.2.1.3}{\376\377\0002\000.\0001\000.\0003\000\040\117\040\141\037\126\150\202\202\160\271\166\204\226\120\122\066}{section.2.1}% 14
\BOOKMARK [1][]{section.2.2}{\376\377\0002\000.\0002\000\040\000T\000i\000n\000y\000O\000S\173\200\116\313}{chapter.2}% 15
\BOOKMARK [2][]{subsection.2.2.1}{\376\377\0002\000.\0002\000.\0001\000\040\000T\000i\000n\000y\000O\000S\166\204\127\372\147\054\135\345\117\134\123\237\164\006}{section.2.2}% 16
\BOOKMARK [2][]{subsection.2.2.2}{\376\377\0002\000.\0002\000.\0002\000\040\000T\000i\000n\000y\000O\000S\166\204\117\030\122\277}{section.2.2}% 17
\BOOKMARK [2][]{subsection.2.2.3}{\376\377\0002\000.\0002\000.\0003\000\040\000T\000i\000n\000y\000O\000S\116\073\211\201\122\237\200\375}{section.2.2}% 18
\BOOKMARK [1][]{section.2.3}{\376\377\0002\000.\0003\000\040\154\107\200\132\123\117\213\256}{chapter.2}% 19
\BOOKMARK [2][]{subsection.2.3.1}{\376\377\0002\000.\0003\000.\0001\000\040\000C\000T\000P\123\117\213\256}{section.2.3}% 20
\BOOKMARK [2][]{subsection.2.3.2}{\376\377\0002\000.\0003\000.\0002\000\040\000M\000u\000l\000t\000i\000H\000o\000p\000L\000Q\000I\123\117\213\256}{section.2.3}% 21
\BOOKMARK [0][]{chapter.3}{\376\377\0003\000\040\224\376\215\357\117\060\213\241\126\150}{}% 22
\BOOKMARK [1][]{section.3.1}{\376\377\0003\000.\0001\000\040\173\200\116\313}{chapter.3}% 23
\BOOKMARK [1][]{section.3.2}{\376\377\0003\000.\0002\000\040\127\372\147\054\151\202\137\365}{chapter.3}% 24
\BOOKMARK [2][]{subsection.3.2.1}{\376\377\0003\000.\0002\000.\0001\000\040\000L\000E\000E\000P\123\117\213\256}{section.3.2}% 25
\BOOKMARK [2][]{subsection.3.2.2}{\376\377\0003\000.\0002\000.\0002\000\040\121\145\172\331\224\376\215\357\215\050\221\317}{section.3.2}% 26
\BOOKMARK [2][]{subsection.3.2.3}{\376\377\0003\000.\0002\000.\0003\000\040\121\372\172\331\224\376\215\357\215\050\221\317}{section.3.2}% 27
\BOOKMARK [2][]{subsection.3.2.4}{\376\377\0003\000.\0002\000.\0004\000\040\123\314\124\021\224\376\215\357\215\050\221\317}{section.3.2}% 28
\BOOKMARK [2][]{subsection.3.2.5}{\376\377\0003\000.\0002\000.\0005\000\040\000E\000E\000T\000X\120\074}{section.3.2}% 29
\BOOKMARK [1][]{section.3.3}{\376\377\0003\000.\0003\000\040\000L\000E\000E\000P\123\117\213\256\133\371\145\160\143\156\224\376\215\357\134\102\166\204\211\201\154\102}{chapter.3}% 30
\BOOKMARK [1][]{section.3.4}{\376\377\0003\000.\0004\000\040\000L\000E\000E\000P\136\047\176\323\147\204}{chapter.3}% 31
\BOOKMARK [1][]{section.3.5}{\376\377\0003\000.\0005\000\040\133\236\163\260}{chapter.3}% 32
\BOOKMARK [2][]{subsection.3.5.1}{\376\377\0003\000.\0005\000.\0001\000\040\150\007\121\306\000L\000E\117\060\213\241\126\150}{section.3.5}% 33
\BOOKMARK [2][]{subsection.3.5.2}{\376\377\0003\000.\0005\000.\0002\000\040\126\333\117\115\224\376\215\357\117\060\213\241\377\010\0004\000B\000I\000T\000L\000E\377\011}{section.3.5}% 34
\BOOKMARK [2][]{subsection.3.5.3}{\376\377\0003\000.\0005\000.\0003\000\040\224\376\143\245\215\050\221\317\143\007\171\072\377\010\000L\000Q\000I\377\011}{section.3.5}% 35
\BOOKMARK [0][]{chapter.4}{\376\377\0004\000\040\215\357\165\061\137\025\144\316}{}% 36
\BOOKMARK [1][]{section.4.1}{\376\377\0004\000.\0001\000\040\173\200\116\313}{chapter.4}% 37
\BOOKMARK [1][]{section.4.2}{\376\377\0004\000.\0002\000\040\127\372\147\054\151\202\137\365}{chapter.4}% 38
\BOOKMARK [2][]{subsection.4.2.1}{\376\377\0004\000.\0002\000.\0001\000\040\215\357\137\204\000E\000T\000X}{section.4.2}% 39
\BOOKMARK [2][]{subsection.4.2.2}{\376\377\0004\000.\0002\000.\0002\000\040\215\357\165\061\210\150}{section.4.2}% 40
\BOOKMARK [2][]{subsection.4.2.3}{\376\377\0004\000.\0002\000.\0003\000\040\000C\000T\000P\215\357\165\061\136\047\377\010\117\341\150\007\136\047\377\011}{section.4.2}% 41
\BOOKMARK [2][]{subsection.4.2.4}{\376\377\0004\000.\0002\000.\0004\000\040\137\123\122\115\215\357\165\061\117\341\140\157}{section.4.2}% 42
\BOOKMARK [1][]{section.4.3}{\376\377\0004\000.\0003\000\040\133\236\163\260}{chapter.4}% 43
\BOOKMARK [2][]{subsection.4.3.1}{\376\377\0004\000.\0003\000.\0001\000\040\117\177\165\050\166\204\143\245\123\343\124\214\143\320\117\233\166\204\176\304\116\366}{section.4.3}% 44
\BOOKMARK [2][]{subsection.4.3.2}{\376\377\0004\000.\0003\000.\0002\000\040\117\341\150\007\136\047\133\232\145\366\126\150\116\016\215\357\165\061\133\232\145\366\126\150}{section.4.3}% 45
\BOOKMARK [2][]{subsection.4.3.3}{\376\377\0004\000.\0003\000.\0003\000\040\123\321\220\001\117\341\150\007\136\047\116\016\146\364\145\260\215\357\165\061\220\011\142\351\116\373\122\241}{section.4.3}% 46
\BOOKMARK [2][]{subsection.4.3.4}{\376\377\0004\000.\0003\000.\0004\000\040\117\341\150\007\136\047\143\245\145\066\116\213\116\366}{section.4.3}% 47
\BOOKMARK [2][]{subsection.4.3.5}{\376\377\0004\000.\0003\000.\0005\000\040\135\345\117\134\155\101\172\013\122\006\147\220}{section.4.3}% 48
\BOOKMARK [0][]{chapter.5}{\376\377\0005\000\040\217\154\123\321\137\025\144\316}{}% 49
\BOOKMARK [1][]{section.5.1}{\376\377\0005\000.\0001\000\040\173\200\116\313}{chapter.5}% 50
\BOOKMARK [1][]{section.5.2}{\376\377\0005\000.\0002\000\040\127\372\147\054\151\202\137\365}{chapter.5}% 51
\BOOKMARK [2][]{subsection.5.2.1}{\376\377\0005\000.\0002\000.\0001\000\040\215\357\165\061\137\252\163\257}{section.5.2}% 52
\BOOKMARK [2][]{subsection.5.2.2}{\376\377\0005\000.\0002\000.\0002\000\040\123\005\221\315\131\015}{section.5.2}% 53
\BOOKMARK [2][]{subsection.5.2.3}{\376\377\0005\000.\0002\000.\0003\000\040\000C\000T\000P\145\160\143\156\136\047}{section.5.2}% 54
\BOOKMARK [2][]{subsection.5.2.4}{\376\377\0005\000.\0002\000.\0004\000\040\226\037\122\027\230\171}{section.5.2}% 55
\BOOKMARK [2][]{subsection.5.2.5}{\376\377\0005\000.\0002\000.\0005\000\040\155\210\140\157\123\321\220\001\226\037\122\027}{section.5.2}% 56
\BOOKMARK [2][]{subsection.5.2.6}{\376\377\0005\000.\0002\000.\0006\000\040\177\023\121\262\154\140}{section.5.2}% 57
\BOOKMARK [2][]{subsection.5.2.7}{\376\377\0005\000.\0002\000.\0007\000\040\177\023\121\262\123\072\116\244\143\142}{section.5.2}% 58
\BOOKMARK [1][]{section.5.3}{\376\377\0005\000.\0003\000\040\133\236\163\260}{chapter.5}% 59
\BOOKMARK [2][]{subsection.5.3.1}{\376\377\0005\000.\0003\000.\0001\000\040\117\177\165\050\166\204\143\245\123\343\124\214\143\320\117\233\166\204\176\304\116\366}{section.5.3}% 60
\BOOKMARK [2][]{subsection.5.3.2}{\376\377\0005\000.\0003\000.\0002\000\040\121\163\225\056\121\375\145\160}{section.5.3}% 61
\BOOKMARK [2][]{subsection.5.3.3}{\376\377\0005\000.\0003\000.\0003\000\040\135\345\117\134\155\101\172\013\122\006\147\220}{section.5.3}% 62
\BOOKMARK [2][]{subsection.5.3