This is XeTeX, Version 3.14159265-2.6-0.99998 (TeX Live 2017/Debian) (preloaded format=xelatex 2021.4.24)  25 APR 2021 19:24
entering extended mode
 restricted \write18 enabled.
 %&-line parsing enabled.
**main.tex
(./main.tex
LaTeX2e <2017-04-15>
Babel <3.18> and hyphenation patterns for 84 language(s) loaded.
(/usr/share/texlive/texmf-dist/tex/latex/base/book.cls
Document Class: book 2014/09/29 v1.4h Standard LaTeX document class
(/usr/share/texlive/texmf-dist/tex/latex/base/bk12.clo
File: bk12.clo 2014/09/29 v1.4h Standard LaTeX file (size option)
)
\c@part=\count79
\c@chapter=\count80
\c@section=\count81
\c@subsection=\count82
\c@subsubsection=\count83
\c@paragraph=\count84
\c@subparagraph=\count85
\c@figure=\count86
\c@table=\count87
\abovecaptionskip=\skip41
\belowcaptionskip=\skip42
\bibindent=\dimen102
) (./setup/package.tex
(/usr/share/texlive/texmf-dist/tex/latex/graphics/graphicx.sty
Package: graphicx 2017/06/01 v1.1a Enhanced LaTeX Graphics (DPC,SPQR)

(/usr/share/texlive/texmf-dist/tex/latex/graphics/keyval.sty
Package: keyval 2014/10/28 v1.15 key=value parser (DPC)
\KV@toks@=\toks14
)
(/usr/share/texlive/texmf-dist/tex/latex/graphics/graphics.sty
Package: graphics 2017/06/25 v1.2c Standard LaTeX Graphics (DPC,SPQR)

(/usr/share/texlive/texmf-dist/tex/latex/graphics/trig.sty
Package: trig 2016/01/03 v1.10 sin cos tan (DPC)
)
(/usr/share/texlive/texmf-dist/tex/latex/graphics-cfg/graphics.cfg
File: graphics.cfg 2016/06/04 v1.11 sample graphics configuration
)
Package graphics Info: Driver file: dvips.def on input line 99.

(/usr/share/texlive/texmf-dist/tex/latex/graphics-def/dvips.def
File: dvips.def 2017/06/20 v3.1d Graphics/color driver for dvips
))
\Gin@req@height=\dimen103
\Gin@req@width=\dimen104
)
(/usr/share/texlive/texmf-dist/tex/latex/subfigure/subfigure.sty
Package: subfigure 2002/03/15 v2.1.5 subfigure package
\subfigtopskip=\skip43
\subfigcapskip=\skip44
\subfigcaptopadj=\dimen105
\subfigbottomskip=\skip45
\subfigcapmargin=\dimen106
\subfiglabelskip=\skip46
\c@subfigure=\count88
\c@lofdepth=\count89
\c@subtable=\count90
\c@lotdepth=\count91

****************************************
* Local config file subfigure.cfg used *
****************************************
(/usr/share/texlive/texmf-dist/tex/latex/subfigure/subfigure.cfg)
\subfig@top=\skip47
\subfig@bottom=\skip48
)
(/usr/share/texlive/texmf-dist/tex/latex/graphics/color.sty
Package: color 2016/07/10 v1.1e Standard LaTeX Color (DPC)

(/usr/share/texlive/texmf-dist/tex/latex/graphics-cfg/color.cfg
File: color.cfg 2016/01/02 v1.6 sample color configuration
)
Package color Info: Driver file: xetex.def on input line 147.

(/usr/share/texlive/texmf-dist/tex/latex/graphics-def/xetex.def
File: xetex.def 2017/06/24 v5.0h Graphics/color driver for xetex
))
(/usr/share/texlive/texmf-dist/tex/latex/graphics/epsfig.sty
Package: epsfig 2017/06/25 v1.7b (e)psfig emulation (SPQR)
\epsfxsize=\dimen107
\epsfysize=\dimen108
)
(/usr/share/texlive/texmf-dist/tex/latex/tools/indentfirst.sty
Package: indentfirst 1995/11/23 v1.03 Indent first paragraph (DPC)
)
(/usr/share/texlive/texmf-dist/tex/latex/geometry/geometry.sty
Package: geometry 2010/09/12 v5.6 Page Geometry

(/usr/share/texlive/texmf-dist/tex/generic/oberdiek/ifpdf.sty
Package: ifpdf 2017/03/15 v3.2 Provides the ifpdf switch
)
(/usr/share/texlive/texmf-dist/tex/generic/oberdiek/ifvtex.sty
Package: ifvtex 2016/05/16 v1.6 Detect VTeX and its facilities (HO)
Package ifvtex Info: VTeX not detected.
)
(/usr/share/texlive/texmf-dist/tex/generic/ifxetex/ifxetex.sty
Package: ifxetex 2010/09/12 v0.6 Provides ifxetex conditional
)
\Gm@cnth=\count92
\Gm@cntv=\count93
\c@Gm@tempcnt=\count94
\Gm@bindingoffset=\dimen109
\Gm@wd@mp=\dimen110
\Gm@odd@mp=\dimen111
\Gm@even@mp=\dimen112
\Gm@layoutwidth=\dimen113
\Gm@layoutheight=\dimen114
\Gm@layouthoffset=\dimen115
\Gm@layoutvoffset=\dimen116
\Gm@dimlist=\toks15
)
(/usr/share/texlive/texmf-dist/tex/latex/footmisc/footmisc.sty
Package: footmisc 2011/06/06 v5.5b a miscellany of footnote facilities
\FN@temptoken=\toks16
\footnotemargin=\dimen117
\c@pp@next@reset=\count95
\c@@fnserial=\count96
Package footmisc Info: Declaring symbol style bringhurst on input line 855.
Package footmisc Info: Declaring symbol style chicago on input line 863.
Package footmisc Info: Declaring symbol style wiley on input line 872.
Package footmisc Info: Declaring symbol style lamport-robust on input line 883.

Package footmisc Info: Declaring symbol style lamport* on input line 903.
Package footmisc Info: Declaring symbol style lamport*-robust on input line 924
.
)
(/usr/share/texlive/texmf-dist/tex/latex/amsmath/amsmath.sty
Package: amsmath 2017/09/02 v2.17a AMS math features
\@mathmargin=\skip49

For additional information on amsmath, use the `?' option.
(/usr/share/texlive/texmf-dist/tex/latex/amsmath/amstext.sty
Package: amstext 2000/06/29 v2.01 AMS text

(/usr/share/texlive/texmf-dist/tex/latex/amsmath/amsgen.sty
File: amsgen.sty 1999/11/30 v2.0 generic functions
\@emptytoks=\toks17
\ex@=\dimen118
))
(/usr/share/texlive/texmf-dist/tex/latex/amsmath/amsbsy.sty
Package: amsbsy 1999/11/29 v1.2d Bold Symbols
\pmbraise@=\dimen119
)
(/usr/share/texlive/texmf-dist/tex/latex/amsmath/amsopn.sty
Package: amsopn 2016/03/08 v2.02 operator names
)
\inf@bad=\count97
LaTeX Info: Redefining \frac on input line 213.
\uproot@=\count98
\leftroot@=\count99
LaTeX Info: Redefining \overline on input line 375.
\classnum@=\count100
\DOTSCASE@=\count101
LaTeX Info: Redefining \ldots on input line 472.
LaTeX Info: Redefining \dots on input line 475.
LaTeX Info: Redefining \cdots on input line 596.
\Mathstrutbox@=\box26
\strutbox@=\box27
\big@size=\dimen120
LaTeX Font Info:    Redeclaring font encoding OML on input line 712.
LaTeX Font Info:    Redeclaring font encoding OMS on input line 713.
\macc@depth=\count102
\c@MaxMatrixCols=\count103
\dotsspace@=\muskip10
\c@parentequation=\count104
\dspbrk@lvl=\count105
\tag@help=\toks18
\row@=\count106
\column@=\count107
\maxfields@=\count108
\andhelp@=\toks19
\eqnshift@=\dimen121
\alignsep@=\dimen122
\tagshift@=\dimen123
\tagwidth@=\dimen124
\totwidth@=\dimen125
\lineht@=\dimen126
\@envbody=\toks20
\multlinegap=\skip50
\multlinetaggap=\skip51
\mathdisplay@stack=\toks21
LaTeX Info: Redefining \[ on input line 2817.
LaTeX Info: Redefining \] on input line 2818.
)
(/usr/share/texlive/texmf-dist/tex/latex/amsfonts/amssymb.sty
Package: amssymb 2013/01/14 v3.01 AMS font symbols

(/usr/share/texlive/texmf-dist/tex/latex/amsfonts/amsfonts.sty
Package: amsfonts 2013/01/14 v3.01 Basic AMSFonts support
\symAMSa=\mathgroup4
\symAMSb=\mathgroup5
LaTeX Font Info:    Overwriting math alphabet `\mathfrak' in version `bold'
(Font)                  U/euf/m/n --> U/euf/b/n on input line 106.
))
(/usr/share/texlive/texmf-dist/tex/latex/jknapltx/mathrsfs.sty
Package: mathrsfs 1996/01/01 Math RSFS package v1.0 (jk)
\symrsfs=\mathgroup6
)
(/usr/share/texlive/texmf-dist/tex/latex/ntheorem/ntheorem.sty
Style `ntheorem', Version 1.33 <2011/08/15>
Package: ntheorem 2011/08/15 1.33
(/usr/share/texlive/texmf-dist/tex/latex/base/ifthen.sty
Package: ifthen 2014/09/29 v1.1c Standard LaTeX ifthen package (DPC)
)
\theorem@style=\toks22
\theorem@@style=\toks23
\theorembodyfont=\toks24
\theoremnumbering=\toks25
\theorempreskipamount=\skip52
\theorempostskipamount=\skip53
\theoremframepreskipamount=\skip54
\theoremframepostskipamount=\skip55
\theoreminframepreskipamount=\skip56
\theoreminframepostskipamount=\skip57
\theorem@preskip=\toks26
\theorem@postskip=\toks27
\theorem@framepreskip=\toks28
\theorem@framepostskip=\toks29
\theorem@inframepreskip=\toks30
\theorem@inframepostskip=\toks31
\theoremindent=\dimen127
\theorem@indent=\dimen128
\theoremrightindent=\dimen129
\theorem@rightindent=\dimen130
\theoremheaderfont=\toks32
\theoremseparator=\toks33
\theoremprework=\toks34
\theorempostwork=\toks35
\theoremsymbol=\toks36
\qedsymbol=\toks37
\theoremkeyword=\toks38
\qedsymbol=\toks39
\thm@topsep=\skip58
\thm@topsepadd=\skip59
Package ntheorem Info: Option `thmmarks' loaded on input line 1175.
\c@endNonectr=\count109
\c@currNonectr=\count110
\mysavskip=\skip60
Package ntheorem Info: option `amsmath' handling for `thmmarks' loaded on input
 line 1175.
\thm@amstmpdepth=\dimen131
\tagwidth=\dimen132
)
(/usr/share/texlive/texmf-dist/tex/latex/placeins/placeins.sty
Package: placeins 2005/04/18  v 2.2
)
(/usr/share/texlive/texmf-dist/tex/latex/graphics/rotating.sty
Package: rotating 2016/08/11 v2.16d rotated objects in LaTeX
\c@r@tfl@t=\count111
\rotFPtop=\skip61
\rotFPbot=\skip62
\rot@float@box=\box28
\rot@mess@toks=\toks40
)
(/usr/share/texlive/texmf-dist/tex/latex/type1cm/type1cm.sty
Package: type1cm 2002/09/05 v0.04 BlueSky/Y&Y Type1 CM font definitions (DPC, p
atched RF)
)
(/usr/share/texlive/texmf-dist/tex/latex/titlesec/titlesec.sty
Package: titlesec 2016/03/21 v2.10.2 Sectioning titles
\ttl@box=\box29
\beforetitleunit=\skip63
\aftertitleunit=\skip64
\ttl@plus=\dimen133
\ttl@minus=\dimen134
\ttl@toksa=\toks41
\titlewidth=\dimen135
\titlewidthlast=\dimen136
\titlewidthfirst=\dimen137
)
(/usr/share/texlive/texmf-dist/tex/latex/titlesec/titletoc.sty
Package: titletoc 2011/12/15 v1.6 TOC entries
\ttl@leftsep=\dimen138
)
(/usr/share/texlive/texmf-dist/tex/latex/tools/bm.sty
Package: bm 2017/01/16 v1.2c Bold Symbol Support (DPC/FMi)
\symboldoperators=\mathgroup7
\symboldletters=\mathgroup8
\symboldsymbols=\mathgroup9
LaTeX Font Info:    Redeclaring math alphabet \mathbf on input line 141.
LaTeX Info: Redefining \bm on input line 207.
)
(/usr/share/texlive/texmf-dist/tex/latex/fancyhdr/fancyhdr.sty
Package: fancyhdr 2017/06/30 v3.9a Extensive control of page headers and footer
s
\f@nch@headwidth=\skip65
\f@nch@O@elh=\skip66
\f@nch@O@erh=\skip67
\f@nch@O@olh=\skip68
\f@nch@O@orh=\skip69
\f@nch@O@elf=\skip70
\f@nch@O@erf=\skip71
\f@nch@O@olf=\skip72
\f@nch@O@orf=\skip73
)
(/usr/share/texlive/texmf-dist/tex/latex/fancyref/fancyref.sty
Package: fancyref 1999/02/03 v0.9c Fancy cross-referencing

(/usr/share/texlive/texmf-dist/tex/latex/tools/varioref.sty
Package: varioref 2016/02/16 v1.5c package for extended references (FMi)
\c@vrcnt=\count112
))
(/usr/share/texlive/texmf-dist/tex/latex/cite/cite.sty
LaTeX Info: Redefining \cite on input line 302.
LaTeX Info: Redefining \nocite on input line 332.
Package: cite 2015/02/27  v 5.5
)
(/usr/share/texlive/texmf-dist/tex/latex/setspace/setspace.sty
Package: setspace 2011/12/19 v6.7a set line spacing
)
(/usr/share/texlive/texmf-dist/tex/latex/layouts/layouts.sty
Package: layouts 2009/09/02 v2.6d graphical depiction of document elements
\l@ylen=\skip74
\layoutsbox=\box30
\l@youtunitlength=\skip75
\l@youtlinethick=\skip76
\l@youtlinethickii=\skip77
\l@ysetupparskip=\skip78
\l@ysetupbaselineskip=\skip79
\l@yonem=\skip80
\l@yonex=\skip81
\l@ylmarg=\skip82
\l@yrmarg=\skip83
\l@yitmindent=\skip84
\l@ylblwidth=\skip85
\l@ylblsep=\skip86
\l@ylparindent=\skip87
\l@ytsep=\skip88
\l@ypskip=\skip89
\l@yptsep=\skip90
\l@ypsep=\skip91
\l@yitmsep=\skip92
\l@ytok=\toks42
\l@youtpw=\count113
\l@youtph=\count114
\l@youthpi=\count115
\l@youthpii=\count116
\l@youthpiii=\count117
\l@youthpiv=\count118
\l@youthpv=\count119
\l@youthpvi=\count120
\l@youthpvii=\count121
\l@youtparskip=\count122
\l@youtvpi=\count123
\l@youtvpii=\count124
\l@youtvpiii=\count125
\l@youtvpiv=\count126
\l@youtvpv=\count127
\l@youtvpvi=\count128
\l@youtvpvii=\count129
\l@youthdo=\count130
\l@youthdi=\count131
\l@youthdii=\count132
\l@youthdiii=\count133
\l@youthdiv=\count134
\l@youthdv=\count135
\l@youthdvi=\count136
\l@youthdvii=\count137
\l@youtvdo=\count138
\l@youtvdi=\count139
\l@youtvdii=\count140
\l@youtvdiii=\count141
\l@youtvdiv=\count142
\l@youtvdv=\count143
\l@youtvdvi=\count144
\l@youtvdvii=\count145
\l@youtvdviii=\count146
\l@youtxci=\count147
\l@youtxcii=\count148
\l@youtxciii=\count149
\l@youtxciv=\count150
\l@youtxcv=\count151
\l@youtxcvi=\count152
\l@youtyci=\count153
\l@youtycii=\count154
\l@youtyciii=\count155
\l@youtyciv=\count156
\l@youtycv=\count157
\l@youtycvi=\count158
\l@youtycvii=\count159
\l@youtycviii=\count160
\l@youtxco=\count161
\l@youtyco=\count162
\l@ytempdima=\skip93
\stockwidth=\skip94
\stockheight=\skip95
\trimedge=\skip96
\trimtop=\skip97
\uppermargin=\skip98
\spinemargin=\skip99
)
(/usr/share/texlive/texmf-dist/tex/xelatex/xecjk/xeCJK.sty
(/usr/share/texlive/texmf-dist/tex/latex/l3kernel/expl3.sty
Package: expl3 2018/02/21 L3 programming layer (loader) 

(/usr/share/texlive/texmf-dist/tex/latex/l3kernel/expl3-code.tex
Package: expl3 2018/02/21 L3 programming layer (code)
\c_max_int=\count163
\l_tmpa_int=\count164
\l_tmpb_int=\count165
\g_tmpa_int=\count166
\g_tmpb_int=\count167
\g__intarray_font_int=\count168
\g__prg_map_int=\count169
\c_log_iow=\count170
\l_iow_line_count_int=\count171
\l__iow_line_target_int=\count172
\l__iow_one_indent_int=\count173
\l__iow_indent_int=\count174
\c_zero_dim=\dimen139
\c_max_dim=\dimen140
\l_tmpa_dim=\dimen141
\l_tmpb_dim=\dimen142
\g_tmpa_dim=\dimen143
\g_tmpb_dim=\dimen144
\c_zero_skip=\skip100
\c_max_skip=\skip101
\l_tmpa_skip=\skip102
\l_tmpb_skip=\skip103
\g_tmpa_skip=\skip104
\g_tmpb_skip=\skip105
\c_zero_muskip=\muskip11
\c_max_muskip=\muskip12
\l_tmpa_muskip=\muskip13
\l_tmpb_muskip=\muskip14
\g_tmpa_muskip=\muskip15
\g_tmpb_muskip=\muskip16
\l_keys_choice_int=\count175
\c__fp_leading_shift_int=\count176
\c__fp_middle_shift_int=\count177
\c__fp_trailing_shift_int=\count178
\c__fp_big_leading_shift_int=\count179
\c__fp_big_middle_shift_int=\count180
\c__fp_big_trailing_shift_int=\count181
\c__fp_Bigg_leading_shift_int=\count182
\c__fp_Bigg_middle_shift_int=\count183
\c__fp_Bigg_trailing_shift_int=\count184
\l__sort_length_int=\count185
\l__sort_min_int=\count186
\l__sort_top_int=\count187
\l__sort_max_int=\count188
\l__sort_true_max_int=\count189
\l__sort_block_int=\count190
\l__sort_begin_int=\count191
\l__sort_end_int=\count192
\l__sort_A_int=\count193
\l__sort_B_int=\count194
\l__sort_C_int=\count195
\l__tl_build_start_index_int=\count196
\l__tl_build_index_int=\count197
\l__tl_analysis_normal_int=\count198
\l__tl_analysis_index_int=\count199
\l__tl_analysis_nesting_int=\count266
\l__tl_analysis_type_int=\count267
\l__regex_internal_a_int=\count268
\l__regex_internal_b_int=\count269
\l__regex_internal_c_int=\count270
\l__regex_balance_int=\count271
\l__regex_group_level_int=\count272
\l__regex_mode_int=\count273
\c__regex_cs_in_class_mode_int=\count274
\c__regex_cs_mode_int=\count275
\l__regex_catcodes_int=\count276
\l__regex_default_catcodes_int=\count277
\c__regex_catcode_L_int=\count278
\c__regex_catcode_O_int=\count279
\c__regex_catcode_A_int=\count280
\c__regex_all_catcodes_int=\count281
\l__regex_show_lines_int=\count282
\l__regex_min_state_int=\count283
\l__regex_max_state_int=\count284
\l__regex_left_state_int=\count285
\l__regex_right_state_int=\count286
\l__regex_capturing_group_int=\count287
\l__regex_min_pos_int=\count288
\l__regex_max_pos_int=\count289
\l__regex_curr_pos_int=\count290
\l__regex_start_pos_int=\count291
\l__regex_success_pos_int=\count292
\l__regex_curr_char_int=\count293
\l__regex_curr_catcode_int=\count294
\l__regex_last_char_int=\count295
\l__regex_case_changed_char_int=\count296
\l__regex_curr_state_int=\count297
\l__regex_step_int=\count298
\l__regex_min_active_int=\count299
\l__regex_max_active_int=\count300
\l__regex_replacement_csnames_int=\count301
\l__regex_match_count_int=\count302
\l__regex_min_submatch_int=\count303
\l__regex_submatch_int=\count304
\l__regex_zeroth_submatch_int=\count305
\g__regex_trace_regex_int=\count306
\c_empty_box=\box31
\l_tmpa_box=\box32
\l_tmpb_box=\box33
\g_tmpa_box=\box34
\g_tmpb_box=\box35
\l__box_top_dim=\dimen145
\l__box_bottom_dim=\dimen146
\l__box_left_dim=\dimen147
\l__box_right_dim=\dimen148
\l__box_top_new_dim=\dimen149
\l__box_bottom_new_dim=\dimen150
\l__box_left_new_dim=\dimen151
\l__box_right_new_dim=\dimen152
\l__box_internal_box=\box36
\l__coffin_internal_box=\box37
\l__coffin_internal_dim=\dimen153
\l__coffin_offset_x_dim=\dimen154
\l__coffin_offset_y_dim=\dimen155
\l__coffin_x_dim=\dimen156
\l__coffin_y_dim=\dimen157
\l__coffin_x_prime_dim=\dimen158
\l__coffin_y_prime_dim=\dimen159
\c_empty_coffin=\box38
\l__coffin_aligned_coffin=\box39
\l__coffin_aligned_internal_coffin=\box40
\l_tmpa_coffin=\box41
\l_tmpb_coffin=\box42
\l__coffin_display_coffin=\box43
\l__coffin_display_coord_coffin=\box44
\l__coffin_display_pole_coffin=\box45
\l__coffin_display_offset_dim=\dimen160
\l__coffin_display_x_dim=\dimen161
\l__coffin_display_y_dim=\dimen162
\l__coffin_bounding_shift_dim=\dimen163
\l__coffin_left_corner_dim=\dimen164
\l__coffin_right_corner_dim=\dimen165
\l__coffin_bottom_corner_dim=\dimen166
\l__coffin_top_corner_dim=\dimen167
\l__coffin_scaled_total_height_dim=\dimen168
\l__coffin_scaled_width_dim=\dimen169
)
(/usr/share/texlive/texmf-dist/tex/latex/l3kernel/l3xdvipdfmx.def
File: l3xdvidpfmx.def 2017/03/18 v L3 Experimental driver: xdvipdfmx
\g__driver_image_int=\count307
\l__driver_tmp_box=\box46
))
Package: xeCJK 2018/02/27 v3.6.1 Typesetting CJK scripts with XeLaTeX

(/usr/share/texlive/texmf-dist/tex/latex/l3packages/xtemplate/xtemplate.sty
Package: xtemplate 2018/02/21 L3 Experimental prototype document functions
\l__xtemplate_tmp_dim=\dimen170
\l__xtemplate_tmp_int=\count308
\l__xtemplate_tmp_muskip=\muskip17
\l__xtemplate_tmp_skip=\skip106
)
(/usr/share/texlive/texmf-dist/tex/latex/l3packages/xparse/xparse.sty
Package: xparse 2018/02/21 L3 Experimental document command parser
\l__xparse_current_arg_int=\count309
\g__xparse_grabber_int=\count310
\l__xparse_m_args_int=\count311
\l__xparse_mandatory_args_int=\count312
\l__xparse_v_nesting_int=\count313
)
(/usr/share/texlive/texmf-dist/tex/latex/l3packages/l3keys2e/l3keys2e.sty
Package: l3keys2e 2018/02/21 LaTeX2e option processing using LaTeX3 keys
)
\l__xeCJK_tmp_int=\count314
\l__xeCJK_tmp_box=\box47
\l__xeCJK_tmp_dim=\dimen171
\l__xeCJK_tmp_skip=\skip107
.................................................
. LaTeX info: "xparse/define-command"
. 
. Defining command \xeCJKShipoutHook with sig. '' on line 150.
.................................................
\g__xeCJK_space_factor_int=\count315
\l__xeCJK_begin_int=\count316
\l__xeCJK_end_int=\count317
.................................................
. LaTeX info: "xparse/define-command"
. 
. Defining command \makexeCJKactive with sig. '' on line 394.
.................................................
.................................................
. LaTeX info: "xparse/define-command"
. 
. Defining command \makexeCJKinactive with sig. '' on line 396.
.................................................
\c__xeCJK_CJK_class_int=\XeTeXcharclass1
\c__xeCJK_FullLeft_class_int=\XeTeXcharclass2
\c__xeCJK_FullRight_class_int=\XeTeXcharclass3
\c__xeCJK_HalfLeft_class_int=\XeTeXcharclass4
\c__xeCJK_HalfRight_class_int=\XeTeXcharclass5
\c__xeCJK_NormalSpace_class_int=\XeTeXcharclass6
\c__xeCJK_CM_class_int=\XeTeXcharclass7
\c__xeCJK_HangulJamo_class_int=\XeTeXcharclass8
.................................................
. LaTeX info: "xparse/define-command"
. 
. Defining command \xeCJKDeclareCharClass with sig. 's>{\TrimSpaces }mm' on
. line 578.
.................................................
.................................................
. LaTeX info: "xparse/define-command"
. 
. Defining command \__xeCJK_set_char_class_aux:Nnw with sig.
. 'm>{\SplitArgument {1}{->}}m' on line 599.
.................................................
.................................................
. LaTeX info: "xparse/define-command"
. 
. Defining command \normalspacedchars with sig. 'm' on line 645.
.................................................
.................................................
. LaTeX info: "xparse/define-command"
. 
. Defining command \xeCJKResetPunctClass with sig. '' on line 656.
.................................................
.................................................
. LaTeX info: "xparse/define-command"
. 
. Defining command \xeCJKResetCharClass with sig. '' on line 668.
.................................................
\l__xeCJK_last_skip=\skip108
\g__xeCJK_node_int=\count318
\c__xeCJK_CJK_node_dim=\dimen172
\c__xeCJK_CJK-space_node_dim=\dimen173
\c__xeCJK_default_node_dim=\dimen174
\c__xeCJK_default-space_node_dim=\dimen175
\c__xeCJK_CJK-widow_node_dim=\dimen176
\c__xeCJK_normalspace_node_dim=\dimen177
\l__xeCJK_ccglue_skip=\skip109
\l__xeCJK_ecglue_skip=\skip110
\l__xeCJK_punct_kern_skip=\skip111
\l__xeCJK_last_penalty_int=\count319
\l__xeCJK_last_bound_dim=\dimen178
\l__xeCJK_last_kern_dim=\dimen179
.................................................
. LaTeX info: "xparse/define-command"
. 
. Defining command \xeCJKnobreak with sig. '' on line 1887.
.................................................
\l__xeCJK_widow_penalty_int=\count320
.................................................
. LaTeX info: "xparse/define-command"
. 
. Defining command \xeCJKDeclareSubCJKBlock with sig. 's>{\TrimSpaces }mm' on
. line 2082.
.................................................
.................................................
. LaTeX info: "xparse/define-command"
. 
. Defining command \xeCJKCancelSubCJKBlock with sig. 'sm' on line 2093.
.................................................
.................................................
. LaTeX info: "xparse/define-command"
. 
. Defining command \xeCJKRestoreSubCJKBlock with sig. 'sm' on line 2102.
.................................................
.................................................
. LaTeX info: "xparse/define-command"
. 
. Defining command \xeCJKsetwidth with sig. 'smm' on line 2200.
.................................................
.................................................
. LaTeX info: "xparse/define-command"
. 
. Defining command \xeCJKsetkern with sig. 'mmm' on line 2204.
.................................................
.................................................
. xtemplate info: "declare-object-type"
. 
. Declaring object type 'xeCJK/punctuation' taking 0 argument(s) on line 2360.
.................................................
\l__xeCJK_fixed_punct_width_dim=\dimen180
\l__xeCJK_mixed_punct_width_dim=\dimen181
\l__xeCJK_middle_punct_width_dim=\dimen182
\l__xeCJK_fixed_margin_width_dim=\dimen183
\l__xeCJK_mixed_margin_width_dim=\dimen184
\l__xeCJK_middle_margin_width_dim=\dimen185
\l__xeCJK_bound_punct_width_dim=\dimen186
\l__xeCJK_bound_margin_width_dim=\dimen187
\l__xeCJK_margin_minimum_dim=\dimen188
\l__xeCJK_kerning_total_width_dim=\dimen189
\l__xeCJK_same_align_margin_dim=\dimen190
\l__xeCJK_different_align_margin_dim=\dimen191
\l__xeCJK_kerning_margin_width_dim=\dimen192
\l__xeCJK_kerning_margin_minimum_dim=\dimen193
\l__xeCJK_bound_dim=\dimen194
\l__xeCJK_reverse_bound_dim=\dimen195
\l__xeCJK_minimum_bound_dim=\dimen196
\l__xeCJK_kerning_margin_dim=\dimen197
\l__xeCJK_original_margin_dim=\dimen198
.................................................
. LaTeX info: "xparse/define-command"
. 
. Defining command \xeCJKDeclarePunctStyle with sig. '>{\TrimSpaces }mm' on
. line 2916.
.................................................
.................................................
. LaTeX info: "xparse/define-command"
. 
. Defining command \xeCJKEditPunctStyle with sig. '>{\TrimSpaces }mm' on line
. 2929.
.................................................
.................................................
. LaTeX info: "xparse/define-command"
. 
. Defining command \setCJKfallbackfamilyfont with sig. 'mom' on line 3033.
.................................................
\g__xeCJK_family_int=\count321
.................................................
. LaTeX info: "xparse/define-command"
. 
. Defining command \CJKfamily with sig. 't+t-m' on line 3467.
.................................................
.................................................
. LaTeX info: "xparse/define-command"
. 
. Defining command \__xeCJK_gobble_CJKfamily:wn with sig. 't+t-m' on line
. 3532.
.................................................
.................................................
. LaTeX info: "xparse/define-command"
. 
. Defining command \__xeCJK_post_arg:w with sig. 'mmmO{}' on line 3592.
.................................................
.................................................
. LaTeX info: "xparse/define-command"
. 
. Defining command \setCJKmainfont with sig. 'om' on line 3598.
.................................................
.................................................
. LaTeX info: "xparse/define-command"
. 
. Defining command \setCJKsansfont with sig. 'om' on line 3605.
.................................................
.................................................
. LaTeX info: "xparse/define-command"
. 
. Defining command \setCJKmonofont with sig. 'om' on line 3611.
.................................................
.................................................
. LaTeX info: "xparse/define-command"
. 
. Defining command \setCJKfamilyfont with sig. 'mom' on line 3622.
.................................................
.................................................
. LaTeX info: "xparse/define-command"
. 
. Defining command \newCJKfontfamily with sig. 'omom' on line 3632.
.................................................
.................................................
. LaTeX info: "xparse/define-command"
. 
. Defining command \CJKfontspec with sig. 'om' on line 3638.
.................................................
.................................................
. LaTeX info: "xparse/define-command"
. 
. Defining command \defaultCJKfontfeatures with sig. 'm' on line 3661.
.................................................
.................................................
. LaTeX info: "xparse/define-command"
. 
. Defining command \addCJKfontfeatures with sig. 'sO{}m' on line 3667.
.................................................
.................................................
. LaTeX info: "xparse/define-command"
. 
. Defining command \setCJKmathfont with sig. 'om' on line 3844.
.................................................
\l__xeCJK_fam_int=\count322
\g__xeCJK_fam_allocation_int=\count323
\l__xeCJK_verb_case_int=\count324
.................................................
. LaTeX info: "xparse/define-command"
. 
. Defining command \xeCJKVerbAddon with sig. '' on line 4091.
.................................................
.................................................
. LaTeX info: "xparse/define-command"
. 
. Defining command \xeCJKOffVerbAddon with sig. '' on line 4095.
.................................................
\l__xeCJK_verb_exspace_skip=\skip112

(/usr/share/texlive/texmf-dist/tex/latex/fontspec/fontspec.sty
Package: fontspec 2017/11/09 v2.6g Font selection for XeLaTeX and LuaLaTeX

(/usr/share/texlive/texmf-dist/tex/latex/fontspec/fontspec-xetex.sty
Package: fontspec-xetex 2017/11/09 v2.6g Font selection for XeLaTeX and LuaLaTe
X
\l__fontspec_script_int=\count325
\l__fontspec_language_int=\count326
\l__fontspec_strnum_int=\count327
\l__fontspec_tmp_int=\count328
\l__fontspec_em_int=\count329
\l__fontspec_emdef_int=\count330
\l__fontspec_strong_int=\count331
\l__fontspec_strongdef_int=\count332
\l__fontspec_tmpa_dim=\dimen199
\l__fontspec_tmpb_dim=\dimen256
\l__fontspec_tmpc_dim=\dimen257
\g__file_internal_ior=\read1

(/usr/share/texlive/texmf-dist/tex/latex/base/fontenc.sty
Package: fontenc 2017/04/05 v2.0i Standard LaTeX package

(/usr/share/texlive/texmf-dist/tex/latex/base/tuenc.def
File: tuenc.def 2017/04/05 v2.0i Standard LaTeX file
LaTeX Font Info:    Redeclaring font encoding TU on input line 82.
))
.................................................
. LaTeX info: "xparse/define-command"
. 
. Defining command \fontspec with sig. 'O{}mO{}' on line 542.
.................................................
.................................................
. LaTeX info: "xparse/define-command"
. 
. Defining command \setmainfont with sig. 'O{}mO{}' on line 546.
.................................................
.................................................
. LaTeX info: "xparse/define-command"
. 
. Defining command \setsansfont with sig. 'O{}mO{}' on line 550.
.................................................
.................................................
. LaTeX info: "xparse/define-command"
. 
. Defining command \setmonofont with sig. 'O{}mO{}' on line 554.
.................................................
.................................................
. LaTeX info: "xparse/define-command"
. 
. Defining command \setmathrm with sig. 'O{}mO{}' on line 558.
.................................................
.................................................
. LaTeX info: "xparse/define-command"
. 
. Defining command \setboldmathrm with sig. 'O{}mO{}' on line 562.
.................................................
.................................................
. LaTeX info: "xparse/define-command"
. 
. Defining command \setmathsf with sig. 'O{}mO{}' on line 566.
.................................................
.................................................
. LaTeX info: "xparse/define-command"
. 
. Defining command \setmathtt with sig. 'O{}mO{}' on line 570.
.................................................
.................................................
. LaTeX info: "xparse/define-command"
. 
. Defining command \setromanfont with sig. 'O{}mO{}' on line 574.
.................................................
.................................................
. LaTeX info: "xparse/define-command"
. 
. Defining command \newfontfamily with sig. 'mO{}mO{}' on line 578.
.................................................
.................................................
. LaTeX info: "xparse/define-command"
. 
. Defining command \newfontface with sig. 'mO{}mO{}' on line 582.
.................................................
.................................................
. LaTeX info: "xparse/define-command"
. 
. Defining command \defaultfontfeatures with sig. 't+om' on line 586.
.................................................
.................................................
. LaTeX info: "xparse/define-command"
. 
. Defining command \addfontfeatures with sig. 'm' on line 590.
.................................................
.................................................
. LaTeX info: "xparse/define-command"
. 
. Defining command \addfontfeature with sig. 'm' on line 594.
.................................................
.................................................
. LaTeX info: "xparse/define-command"
. 
. Defining command \newfontfeature with sig. 'mm' on line 598.
.................................................
.................................................
. LaTeX info: "xparse/define-command"
. 
. Defining command \newAATfeature with sig. 'mmmm' on line 602.
.................................................
.................................................
. LaTeX info: "xparse/define-command"
. 
. Defining command \newopentypefeature with sig. 'mmm' on line 606.
.................................................
.................................................
. LaTeX info: "xparse/define-command"
. 
. Defining command \newICUfeature with sig. 'mmm' on line 610.
.................................................
.................................................
. LaTeX info: "xparse/define-command"
. 
. Defining command \aliasfontfeature with sig. 'mm' on line 614.
.................................................
.................................................
. LaTeX info: "xparse/define-command"
. 
. Defining command \aliasfontfeatureoption with sig. 'mmm' on line 618.
.................................................
.................................................
. LaTeX info: "xparse/define-command"
. 
. Defining command \newfontscript with sig. 'mm' on line 622.
.................................................
.................................................
. LaTeX info: "xparse/define-command"
. 
. Defining command \newfontlanguage with sig. 'mm' on line 626.
.................................................
.................................................
. LaTeX info: "xparse/define-command"
. 
. Defining command \DeclareFontsExtensions with sig. 'm' on line 630.
.................................................
.................................................
. LaTeX info: "xparse/define-command"
. 
. Defining command \IfFontFeatureActiveTF with sig. 'mmm' on line 634.
.................................................
.................................................
. LaTeX info: "xparse/define-command"
. 
. Defining command \EncodingCommand with sig. 'mO{}m' on line 3632.
.................................................
.................................................
. LaTeX info: "xparse/define-command"
. 
. Defining command \EncodingAccent with sig. 'mm' on line 3638.
.................................................
.................................................
. LaTeX info: "xparse/define-command"
. 
. Defining command \EncodingSymbol with sig. 'mm' on line 3644.
.................................................
.................................................
. LaTeX info: "xparse/define-command"
. 
. Defining command \EncodingComposite with sig. 'mmm' on line 3650.
.................................................
.................................................
. LaTeX info: "xparse/define-command"
. 
. Defining command \EncodingCompositeCommand with sig. 'mmm' on line 3656.
.................................................
.................................................
. LaTeX info: "xparse/define-command"
. 
. Defining command \DeclareUnicodeEncoding with sig. 'mm' on line 3681.
.................................................
.................................................
. LaTeX info: "xparse/define-command"
. 
. Defining command \UndeclareSymbol with sig. 'm' on line 3687.
.................................................
.................................................
. LaTeX info: "xparse/define-command"
. 
. Defining command \UndeclareAccent with sig. 'm' on line 3693.
.................................................
.................................................
. LaTeX info: "xparse/define-command"
. 
. Defining command \UndeclareCommand with sig. 'm' on line 3699.
.................................................
.................................................
. LaTeX info: "xparse/define-command"
. 
. Defining command \UndeclareComposite with sig. 'mm' on line 3706.
.................................................

(/usr/share/texlive/texmf-dist/tex/latex/fontspec/fontspec.cfg)
LaTeX Info: Redefining \itshape on input line 3891.
LaTeX Info: Redefining \slshape on input line 3896.
LaTeX Info: Redefining \scshape on input line 3901.
LaTeX Info: Redefining \upshape on input line 3906.
LaTeX Info: Redefining \em on input line 3936.
LaTeX Info: Redefining \emph on input line 3961.
LaTeX Info: Redefining \- on input line 4015.
.................................................
. LaTeX info: "xparse/redefine-command"
. 
. Redefining command \oldstylenums with sig. 'm' on line 4110.
.................................................
.................................................
. LaTeX info: "xparse/define-command"
. 
. Defining command \liningnums with sig. 'm' on line 4114.
.................................................
))
(/usr/share/texlive/texmf-dist/tex/xelatex/xecjk/xunicode-addon.sty
Package: xunicode-addon 2018/02/27 v3.6.1 addon file for xunicode

(/usr/share/texlive/texmf-dist/tex/xelatex/xunicode/xunicode.sty
File: xunicode.sty 2011/09/09 v0.981 provides access to latin accents and many 
other characters in Unicode lower plane

(/usr/share/texmf/tex/latex/tipa/t3enc.def
File: t3enc.def 2001/12/31 T3 encoding
)
\tipaTiiicode=\count333
\tipasavetokens=\toks43
\tipachecktokens=\toks44
)
.................................................
. LaTeX info: "xparse/redefine-command"
. 
. Redefining command \ReloadXunicode with sig. 'm' on line 82.
.................................................
.................................................
. LaTeX info: "xparse/redefine-command"
. 
. Redefining command \DeclareUTFmathsymbols with sig. 'm' on line 127.
.................................................
.................................................
. LaTeX info: "xparse/redefine-command"
. 
. Redefining command \UseMathAsText with sig. '' on line 136.
.................................................
.................................................
. LaTeX info: "xparse/redefine-command"
. 
. Redefining command \UndeclareUTFcharacter with sig. 'O{\UTFencname }mm' on
. line 171.
.................................................
.................................................
. LaTeX info: "xparse/redefine-command"
. 
. Redefining command \UndeclareUTFcomposite with sig. 'O{\UTFencname }mmm' on
. line 178.
.................................................
.................................................
. LaTeX info: "xparse/redefine-command"
. 
. Redefining command \DeclareUTFcharacter with sig. 'O{\UTFencname }mm' on
. line 209.
.................................................
.................................................
. LaTeX info: "xparse/define-command"
. 
. Defining command \DeclareUTFSymbol with sig. 'mO{\UTFencname }m' on line
. 235.
.................................................
.................................................
. LaTeX info: "xparse/define-command"
. 
. Defining command \DeclareUTFCommand with sig. 'mO{\UTFencname }m' on line
. 237.
.................................................
.................................................
. LaTeX info: "xparse/redefine-command"
. 
. Redefining command \DeclareUTFcomposite with sig. 'O{\UTFencname }mmm' on
. line 282.
.................................................
.................................................
. LaTeX info: "xparse/define-command"
. 
. Defining command \DeclareUTFCompositeCommand with sig. 'mO{\UTFencname }mm'
. on line 295.
.................................................
.................................................
. LaTeX info: "xparse/define-command"
. 
. Defining command \DeclareUTFCompositeSymbol with sig. 'mO{\UTFencname }mm'
. on line 300.
.................................................
.................................................
. LaTeX info: "xparse/define-command"
. 
. Defining command \DeclareUTFComposite with sig. 'mO{\UTFencname }' on line
. 302.
.................................................
.................................................
. LaTeX info: "xparse/define-command"
. 
. Defining command \DeclareUTFEncodedAccent with sig. 'mO{\UTFencname }mm' on
. line 304.
.................................................
.................................................
. LaTeX info: "xparse/define-command"
. 
. Defining command \DeclareUTFEncodedAccents with sig. 'mO{\UTFencname }mm' on
. line 306.
.................................................
.................................................
. LaTeX info: "xparse/define-command"
. 
. Defining command \DeclareUTFEncodedSymbol with sig. 'mO{\UTFencname }mm' on
. line 308.
.................................................
.................................................
. LaTeX info: "xparse/define-command"
. 
. Defining command \DeclareUTFEncodedCircle with sig. 'mO{\UTFencname }mm' on
. line 310.
.................................................
.................................................
. LaTeX info: "xparse/redefine-command"
. 
. Redefining command \DeclareEncodedCompositeCharacter with sig. 'mmmm' on
. line 312.
.................................................
.................................................
. LaTeX info: "xparse/redefine-command"
. 
. Redefining command \DeclareEncodedCompositeAccents with sig. 'mmmm' on line
. 314.
.................................................
.................................................
. LaTeX info: "xparse/define-command"
. 
. Defining command \DeclareUTFDoubleEncodedAccent with sig. 'mO{\UTFencname
. }mm' on line 316.
.................................................
.................................................
. LaTeX info: "xparse/define-command"
. 
. Defining command \DeclareUTFDoubleEncodedSymbol with sig. 'mO{\UTFencname
. }mm' on line 318.
.................................................
\l__xunadd_tmp_coffin=\box48
\l__xunadd_circle_coffin=\box49
.................................................
. LaTeX info: "xparse/define-command"
. 
. Defining command \settextcircledratio with sig. 'm' on line 467.
.................................................
.................................................
. LaTeX info: "xparse/define-command"
. 
. Defining command \AtBeginUTFCommand with sig. 'sO{}+m' on line 536.
.................................................
.................................................
. LaTeX info: "xparse/define-command"
. 
. Defining command \AtEndUTFCommand with sig. 'sO{}+m' on line 546.
.................................................
.................................................
. LaTeX info: "xparse/define-command"
. 
. Defining command \DeclareUTFTIPACommand with sig. 'O{\UTFencname }m' on line
. 578.
.................................................
)
(/usr/share/texlive/texmf-dist/tex/xelatex/xunicode/xunicode.sty
File: xunicode.sty 2011/09/09 v0.981 provides access to latin accents and many 
other characters in Unicode lower plane

*** Reloading Xunicode for encoding 'TU' ***
) (/usr/share/texlive/texmf-dist/tex/xelatex/xecjk/xunicode-extra.def
File: xunicode-extra.def 2018/02/27 v3.6.1 extra definition for xunicode
)
.................................................
. LaTeX info: "xparse/define-command"
. 
. Defining command \xeCJKsetup with sig. '+m' on line 4397.
.................................................
.................................................
. LaTeX info: "xparse/define-command"
. 
. Defining command \xeCJKsetemboldenfactor with sig. 'm' on line 4399.
.................................................
.................................................
. LaTeX info: "xparse/define-command"
. 
. Defining command \xeCJKsetslantfactor with sig. 'm' on line 4401.
.................................................
.................................................
. LaTeX info: "xparse/define-command"
. 
. Defining command \punctstyle with sig. 'm' on line 4402.
.................................................
.................................................
. LaTeX info: "xparse/define-command"
. 
. Defining command \xeCJKplainchr with sig. '' on line 4403.
.................................................
.................................................
. LaTeX info: "xparse/define-command"
. 
. Defining command \CJKsetecglue with sig. 'm' on line 4404.
.................................................
.................................................
. LaTeX info: "xparse/define-command"
. 
. Defining command \CJKspace with sig. '' on line 4406.
.................................................
.................................................
. LaTeX info: "xparse/define-command"
. 
. Defining command \CJKnospace with sig. '' on line 4407.
.................................................
.................................................
. LaTeX info: "xparse/define-command"
. 
. Defining command \xeCJKallowbreakbetweenpuncts with sig. '' on line 4409.
.................................................
.................................................
. LaTeX info: "xparse/define-command"
. 
. Defining command \xeCJKnobreakbetweenpuncts with sig. '' on line 4411.
.................................................
.................................................
. LaTeX info: "xparse/define-command"
. 
. Defining command \xeCJKenablefallback with sig. '' on line 4413.
.................................................
.................................................
. LaTeX info: "xparse/define-command"
. 
. Defining command \xeCJKdisablefallback with sig. '' on line 4415.
.................................................
.................................................
. LaTeX info: "xparse/define-command"
. 
. Defining command \xeCJKsetcharclass with sig. 'mmm' on line 4420.
.................................................
.................................................
. LaTeX info: "xparse/redefine-command"
. 
. Redefining command \nobreakspace with sig. '' on line 4566.
.................................................
.................................................
. LaTeX info: "xparse/redefine-command"
. 
. Redefining command \fontfamily with sig. 'm' on line 4606.
.................................................

(/usr/share/texlive/texmf-dist/tex/xelatex/xecjk/xeCJK.cfg
File: xeCJK.cfg 2018/02/27 v3.6.1 Configuration file for xeCJK package
))
(/usr/share/texlive/texmf-dist/tex/latex/pgf/frontendlayer/tikz.sty
(/usr/share/texlive/texmf-dist/tex/latex/pgf/basiclayer/pgf.sty
(/usr/share/texlive/texmf-dist/tex/latex/pgf/utilities/pgfrcs.sty
(/usr/share/texlive/texmf-dist/tex/generic/pgf/utilities/pgfutil-common.tex
\pgfutil@everybye=\toks45
\pgfutil@tempdima=\dimen258
\pgfutil@tempdimb=\dimen259

(/usr/share/texlive/texmf-dist/tex/generic/pgf/utilities/pgfutil-common-lists.t
ex)) (/usr/share/texlive/texmf-dist/tex/generic/pgf/utilities/pgfutil-latex.def
\pgfutil@abb=\box50
(/usr/share/texlive/texmf-dist/tex/latex/ms/everyshi.sty
Package: everyshi 2001/05/15 v3.00 EveryShipout Package (MS)
))
(/usr/share/texlive/texmf-dist/tex/generic/pgf/utilities/pgfrcs.code.tex
Package: pgfrcs 2015/08/07 v3.0.1a (rcs-revision 1.31)
))
Package: pgf 2015/08/07 v3.0.1a (rcs-revision 1.15)

(/usr/share/texlive/texmf-dist/tex/latex/pgf/basiclayer/pgfcore.sty
(/usr/share/texlive/texmf-dist/tex/latex/pgf/systemlayer/pgfsys.sty
(/usr/share/texlive/texmf-dist/tex/generic/pgf/systemlayer/pgfsys.code.tex
Package: pgfsys 2014/07/09 v3.0.1a (rcs-revision 1.48)

(/usr/share/texlive/texmf-dist/tex/generic/pgf/utilities/pgfkeys.code.tex
\pgfkeys@pathtoks=\toks46
\pgfkeys@temptoks=\toks47

(/usr/share/texlive/texmf-dist/tex/generic/pgf/utilities/pgfkeysfiltered.code.t
ex
\pgfkeys@tmptoks=\toks48
))
\pgf@x=\dimen260
\pgf@y=\dimen261
\pgf@xa=\dimen262
\pgf@ya=\dimen263
\pgf@xb=\dimen264
\pgf@yb=\dimen265
\pgf@xc=\dimen266
\pgf@yc=\dimen267
\w@pgf@writea=\write3
\r@pgf@reada=\read2
\c@pgf@counta=\count334
\c@pgf@countb=\count335
\c@pgf@countc=\count336
\c@pgf@countd=\count337
\t@pgf@toka=\toks49
\t@pgf@tokb=\toks50
\t@pgf@tokc=\toks51
 (/usr/share/texlive/texmf-dist/tex/generic/pgf/systemlayer/pgf.cfg
File: pgf.cfg 2008/05/14  (rcs-revision 1.7)
)
Driver file for pgf: pgfsys-xetex.def

(/usr/share/texlive/texmf-dist/tex/generic/pgf/systemlayer/pgfsys-xetex.def
File: pgfsys-xetex.def 2014/07/09  (rcs-revision 1.11)

(/usr/share/texlive/texmf-dist/tex/generic/pgf/systemlayer/pgfsys-dvipdfmx.def
File: pgfsys-dvipdfmx.def 2014/07/09  (rcs-revision 1.14)

(/usr/share/texlive/texmf-dist/tex/generic/pgf/systemlayer/pgfsys-common-pdf.de
f
File: pgfsys-common-pdf.def 2013/10/10  (rcs-revision 1.13)
)
\pgfsys@objnum=\count338
)))
(/usr/share/texlive/texmf-dist/tex/generic/pgf/systemlayer/pgfsyssoftpath.code.
tex
File: pgfsyssoftpath.code.tex 2013/09/09  (rcs-revision 1.9)
\pgfsyssoftpath@smallbuffer@items=\count339
\pgfsyssoftpath@bigbuffer@items=\count340
)
(/usr/share/texlive/texmf-dist/tex/generic/pgf/systemlayer/pgfsysprotocol.code.
tex
File: pgfsysprotocol.code.tex 2006/10/16  (rcs-revision 1.4)
)) (/usr/share/texlive/texmf-dist/tex/latex/xcolor/xcolor.sty
Package: xcolor 2016/05/11 v2.12 LaTeX color extensions (UK)

(/usr/share/texlive/texmf-dist/tex/latex/graphics-cfg/color.cfg
File: color.cfg 2016/01/02 v1.6 sample color configuration
)
Package xcolor Info: Driver file: xetex.def on input line 225.
LaTeX Info: Redefining \color on input line 709.
Package xcolor Info: Model `cmy' substituted by `cmy0' on input line 1348.
Package xcolor Info: Model `RGB' extended on input line 1364.
Package xcolor Info: Model `HTML' substituted by `rgb' on input line 1366.
Package xcolor Info: Model `Hsb' substituted by `hsb' on input line 1367.
Package xcolor Info: Model `tHsb' substituted by `hsb' on input line 1368.
Package xcolor Info: Model `HSB' substituted by `hsb' on input line 1369.
Package xcolor Info: Model `Gray' substituted by `gray' on input line 1370.
Package xcolor Info: Model `wave' substituted by `hsb' on input line 1371.
)
(/usr/share/texlive/texmf-dist/tex/generic/pgf/basiclayer/pgfcore.code.tex
Package: pgfcore 2010/04/11 v3.0.1a (rcs-revision 1.7)

(/usr/share/texlive/texmf-dist/tex/generic/pgf/math/pgfmath.code.tex
(/usr/share/texlive/texmf-dist/tex/generic/pgf/math/pgfmathcalc.code.tex
(/usr/share/texlive/texmf-dist/tex/generic/pgf/math/pgfmathutil.code.tex)
(/usr/share/texlive/texmf-dist/tex/generic/pgf/math/pgfmathparser.code.tex
\pgfmath@dimen=\dimen268
\pgfmath@count=\count341
\pgfmath@box=\box51
\pgfmath@toks=\toks52
\pgfmath@stack@operand=\toks53
\pgfmath@stack@operation=\toks54
)
(/usr/share/texlive/texmf-dist/tex/generic/pgf/math/pgfmathfunctions.code.tex
(/usr/share/texlive/texmf-dist/tex/generic/pgf/math/pgfmathfunctions.basic.code
.tex)
(/usr/share/texlive/texmf-dist/tex/generic/pgf/math/pgfmathfunctions.trigonomet
ric.code.tex)
(/usr/share/texlive/texmf-dist/tex/generic/pgf/math/pgfmathfunctions.random.cod
e.tex)
(/usr/share/texlive/texmf-dist/tex/generic/pgf/math/pgfmathfunctions.comparison
.code.tex)
(/usr/share/texlive/texmf-dist/tex/generic/pgf/math/pgfmathfunctions.base.code.
tex)
(/usr/share/texlive/texmf-dist/tex/generic/pgf/math/pgfmathfunctions.round.code
.tex)
(/usr/share/texlive/texmf-dist/tex/generic/pgf/math/pgfmathfunctions.misc.code.
tex)
(/usr/share/texlive/texmf-dist/tex/generic/pgf/math/pgfmathfunctions.integerari
thmetics.code.tex)))
(/usr/share/texlive/texmf-dist/tex/generic/pgf/math/pgfmathfloat.code.tex
\c@pgfmathroundto@lastzeros=\count342
))
(/usr/share/texlive/texmf-dist/tex/generic/pgf/basiclayer/pgfcorepoints.code.te
x
File: pgfcorepoints.code.tex 2013/10/07  (rcs-revision 1.27)
\pgf@picminx=\dimen269
\pgf@picmaxx=\dimen270
\pgf@picminy=\dimen271
\pgf@picmaxy=\dimen272
\pgf@pathminx=\dimen273
\pgf@pathmaxx=\dimen274
\pgf@pathminy=\dimen275
\pgf@pathmaxy=\dimen276
\pgf@xx=\dimen277
\pgf@xy=\dimen278
\pgf@yx=\dimen279
\pgf@yy=\dimen280
\pgf@zx=\dimen281
\pgf@zy=\dimen282
)
(/usr/share/texlive/texmf-dist/tex/generic/pgf/basiclayer/pgfcorepathconstruct.
code.tex
File: pgfcorepathconstruct.code.tex 2013/10/07  (rcs-revision 1.29)
\pgf@path@lastx=\dimen283
\pgf@path@lasty=\dimen284
)
(/usr/share/texlive/texmf-dist/tex/generic/pgf/basiclayer/pgfcorepathusage.code
.tex
File: pgfcorepathusage.code.tex 2014/11/02  (rcs-revision 1.24)
\pgf@shorten@end@additional=\dimen285
\pgf@shorten@start@additional=\dimen286
)
(/usr/share/texlive/texmf-dist/tex/generic/pgf/basiclayer/pgfcorescopes.code.te
x
File: pgfcorescopes.code.tex 2015/05/08  (rcs-revision 1.46)
\pgfpic=\box52
\pgf@hbox=\box53
\pgf@layerbox@main=\box54
\pgf@picture@serial@count=\count343
)
(/usr/share/texlive/texmf-dist/tex/generic/pgf/basiclayer/pgfcoregraphicstate.c
ode.tex
File: pgfcoregraphicstate.code.tex 2014/11/02  (rcs-revision 1.12)
\pgflinewidth=\dimen287
)
(/usr/share/texlive/texmf-dist/tex/generic/pgf/basiclayer/pgfcoretransformation
s.code.tex
File: pgfcoretransformations.code.tex 2015/08/07  (rcs-revision 1.20)
\pgf@pt@x=\dimen288
\pgf@pt@y=\dimen289
\pgf@pt@temp=\dimen290
)
(/usr/share/texlive/texmf-dist/tex/generic/pgf/basiclayer/pgfcorequick.code.tex
File: pgfcorequick.code.tex 2008/10/09  (rcs-revision 1.3)
)
(/usr/share/texlive/texmf-dist/tex/generic/pgf/basiclayer/pgfcoreobjects.code.t
ex
File: pgfcoreobjects.code.tex 2006/10/11  (rcs-revision 1.2)
)
(/usr/share/texlive/texmf-dist/tex/generic/pgf/basiclayer/pgfcorepathprocessing
.code.tex
File: pgfcorepathprocessing.code.tex 2013/09/09  (rcs-revision 1.9)
)
(/usr/share/texlive/texmf-dist/tex/generic/pgf/basiclayer/pgfcorearrows.code.te
x
File: pgfcorearrows.code.tex 2015/05/14  (rcs-revision 1.43)
\pgfarrowsep=\dimen291
)
(/usr/share/texlive/texmf-dist/tex/generic/pgf/basiclayer/pgfcoreshade.code.tex
File: pgfcoreshade.code.tex 2013/07/15  (rcs-revision 1.15)
\pgf@max=\dimen292
\pgf@sys@shading@range@num=\count344
)
(/usr/share/texlive/texmf-dist/tex/generic/pgf/basiclayer/pgfcoreimage.code.tex
File: pgfcoreimage.code.tex 2013/07/15  (rcs-revision 1.18)

(/usr/share/texlive/texmf-dist/tex/generic/pgf/basiclayer/pgfcoreexternal.code.
tex
File: pgfcoreexternal.code.tex 2014/07/09  (rcs-revision 1.21)
\pgfexternal@startupbox=\box55
))
(/usr/share/texlive/texmf-dist/tex/generic/pgf/basiclayer/pgfcorelayers.code.te
x
File: pgfcorelayers.code.tex 2013/07/18  (rcs-revision 1.7)
)
(/usr/share/texlive/texmf-dist/tex/generic/pgf/basiclayer/pgfcoretransparency.c
ode.tex
File: pgfcoretransparency.code.tex 2013/09/30  (rcs-revision 1.5)
)
(/usr/share/texlive/texmf-dist/tex/generic/pgf/basiclayer/pgfcorepatterns.code.
tex
File: pgfcorepatterns.code.tex 2013/11/07  (rcs-revision 1.5)
)))
(/usr/share/texlive/texmf-dist/tex/generic/pgf/modules/pgfmoduleshapes.code.tex
File: pgfmoduleshapes.code.tex 2014/03/21  (rcs-revision 1.35)
\pgfnodeparttextbox=\box56
) (/usr/share/texlive/texmf-dist/tex/generic/pgf/modules/pgfmoduleplot.code.tex
File: pgfmoduleplot.code.tex 2015/08/03  (rcs-revision 1.13)
)
(/usr/share/texlive/texmf-dist/tex/latex/pgf/compatibility/pgfcomp-version-0-65
.sty
Package: pgfcomp-version-0-65 2007/07/03 v3.0.1a (rcs-revision 1.7)
\pgf@nodesepstart=\dimen293
\pgf@nodesepend=\dimen294
)
(/usr/share/texlive/texmf-dist/tex/latex/pgf/compatibility/pgfcomp-version-1-18
.sty
Package: pgfcomp-version-1-18 2007/07/23 v3.0.1a (rcs-revision 1.1)
)) (/usr/share/texlive/texmf-dist/tex/latex/pgf/utilities/pgffor.sty
(/usr/share/texlive/texmf-dist/tex/latex/pgf/utilities/pgfkeys.sty
(/usr/share/texlive/texmf-dist/tex/generic/pgf/utilities/pgfkeys.code.tex))
(/usr/share/texlive/texmf-dist/tex/latex/pgf/math/pgfmath.sty
(/usr/share/texlive/texmf-dist/tex/generic/pgf/math/pgfmath.code.tex))
(/usr/share/texlive/texmf-dist/tex/generic/pgf/utilities/pgffor.code.tex
Package: pgffor 2013/12/13 v3.0.1a (rcs-revision 1.25)

(/usr/share/texlive/texmf-dist/tex/generic/pgf/math/pgfmath.code.tex)
\pgffor@iter=\dimen295
\pgffor@skip=\dimen296
\pgffor@stack=\toks55
\pgffor@toks=\toks56
))
(/usr/share/texlive/texmf-dist/tex/generic/pgf/frontendlayer/tikz/tikz.code.tex
Package: tikz 2015/08/07 v3.0.1a (rcs-revision 1.151)

(/usr/share/texlive/texmf-dist/tex/generic/pgf/libraries/pgflibraryplothandlers
.code.tex
File: pgflibraryplothandlers.code.tex 2013/08/31 v3.0.1a (rcs-revision 1.20)
\pgf@plot@mark@count=\count345
\pgfplotmarksize=\dimen297
)
\tikz@lastx=\dimen298
\tikz@lasty=\dimen299
\tikz@lastxsaved=\dimen300
\tikz@lastysaved=\dimen301
\tikzleveldistance=\dimen302
\tikzsiblingdistance=\dimen303
\tikz@figbox=\box57
\tikz@figbox@bg=\box58
\tikz@tempbox=\box59
\tikz@tempbox@bg=\box60
\tikztreelevel=\count346
\tikznumberofchildren=\count347
\tikznumberofcurrentchild=\count348
\tikz@fig@count=\count349

(/usr/share/texlive/texmf-dist/tex/generic/pgf/modules/pgfmodulematrix.code.tex
File: pgfmodulematrix.code.tex 2013/09/17  (rcs-revision 1.8)
\pgfmatrixcurrentrow=\count350
\pgfmatrixcurrentcolumn=\count351
\pgf@matrix@numberofcolumns=\count352
)
\tikz@expandcount=\count353

(/usr/share/texlive/texmf-dist/tex/generic/pgf/frontendlayer/tikz/libraries/tik
zlibrarytopaths.code.tex
File: tikzlibrarytopaths.code.tex 2008/06/17 v3.0.1a (rcs-revision 1.2)
)))
(/usr/share/texlive/texmf-dist/tex/latex/listings/listings.sty
\lst@mode=\count354
\lst@gtempboxa=\box61
\lst@token=\toks57
\lst@length=\count355
\lst@currlwidth=\dimen304
\lst@column=\count356
\lst@pos=\count357
\lst@lostspace=\dimen305
\lst@width=\dimen306
\lst@newlines=\count358
\lst@lineno=\count359
\lst@maxwidth=\dimen307

(/usr/share/texlive/texmf-dist/tex/latex/listings/lstmisc.sty
File: lstmisc.sty 2015/06/04 1.6 (Carsten Heinz)
\c@lstnumber=\count360
\lst@skipnumbers=\count361
\lst@framebox=\box62
)
(/usr/share/texlive/texmf-dist/tex/latex/listings/listings.cfg
File: listings.cfg 2015/06/04 1.6 listings configuration
))
Package: listings 2015/06/04 1.6 (Carsten Heinz)

(/usr/share/texlive/texmf-dist/tex/latex/hyperref/hyperref.sty
Package: hyperref 2018/02/06 v6.86b Hypertext links for LaTeX

(/usr/share/texlive/texmf-dist/tex/generic/oberdiek/hobsub-hyperref.sty
Package: hobsub-hyperref 2016/05/16 v1.14 Bundle oberdiek, subset hyperref (HO)


(/usr/share/texlive/texmf-dist/tex/generic/oberdiek/hobsub-generic.sty
Package: hobsub-generic 2016/05/16 v1.14 Bundle oberdiek, subset generic (HO)
Package: hobsub 2016/05/16 v1.14 Construct package bundles (HO)
Package: infwarerr 2016/05/16 v1.4 Providing info/warning/error messages (HO)
Package: ltxcmds 2016/05/16 v1.23 LaTeX kernel commands for general use (HO)
Package: ifluatex 2016/05/16 v1.4 Provides the ifluatex switch (HO)
Package ifluatex Info: LuaTeX not detected.
Package hobsub Info: Skipping package `ifvtex' (already loaded).
Package: intcalc 2016/05/16 v1.2 Expandable calculations with integers (HO)
Package hobsub Info: Skipping package `ifpdf' (already loaded).
Package: etexcmds 2016/05/16 v1.6 Avoid name clashes with e-TeX commands (HO)
Package etexcmds Info: Could not find \expanded.
(etexcmds)             That can mean that you are not using pdfTeX 1.50 or
(etexcmds)             that some package has redefined \expanded.
(etexcmds)             In the latter case, load this package earlier.
Package: kvsetkeys 2016/05/16 v1.17 Key value parser (HO)
Package: kvdefinekeys 2016/05/16 v1.4 Define keys (HO)
Package: pdftexcmds 2018/01/21 v0.26 Utility functions of pdfTeX for LuaTeX (HO
)
Package pdftexcmds Info: LuaTeX not detected.
Package pdftexcmds Info: pdfTeX >= 1.30 not detected.
Package pdftexcmds Info: \pdf@primitive is available.
Package pdftexcmds Info: \pdf@ifprimitive is available.
Package pdftexcmds Info: \pdfdraftmode not found.
Package: pdfescape 2016/05/16 v1.14 Implements pdfTeX's escape features (HO)
Package: bigintcalc 2016/05/16 v1.4 Expandable calculations on big integers (HO
)
Package: bitset 2016/05/16 v1.2 Handle bit-vector datatype (HO)
Package: uniquecounter 2016/05/16 v1.3 Provide unlimited unique counter (HO)
)
Package hobsub Info: Skipping package `hobsub' (already loaded).
Package: letltxmacro 2016/05/16 v1.5 Let assignment for LaTeX macros (HO)
Package: hopatch 2016/05/16 v1.3 Wrapper for package hooks (HO)
Package: xcolor-patch 2016/05/16 xcolor patch
Package: atveryend 2016/05/16 v1.9 Hooks at the very end of document (HO)
Package atveryend Info: \enddocument detected (standard20110627).
Package: atbegshi 2016/06/09 v1.18 At begin shipout hook (HO)
Package: refcount 2016/05/16 v3.5 Data extraction from label references (HO)
Package: hycolor 2016/05/16 v1.8 Color options for hyperref/bookmark (HO)
)
(/usr/share/texlive/texmf-dist/tex/latex/oberdiek/auxhook.sty
Package: auxhook 2016/05/16 v1.4 Hooks for auxiliary files (HO)
)
(/usr/share/texlive/texmf-dist/tex/latex/oberdiek/kvoptions.sty
Package: kvoptions 2016/05/16 v3.12 Key value format for package options (HO)
)
\@linkdim=\dimen308
\Hy@linkcounter=\count362
\Hy@pagecounter=\count363

(/usr/share/texlive/texmf-dist/tex/latex/hyperref/pd1enc.def
File: pd1enc.def 2018/02/06 v6.86b Hyperref: PDFDocEncoding definition (HO)
)
\Hy@SavedSpaceFactor=\count364

(/usr/share/texlive/texmf-dist/tex/latex/latexconfig/hyperref.cfg
File: hyperref.cfg 2002/06/06 v1.2 hyperref configuration of TeXLive
)
Package hyperref Info: Option `CJKbookmarks' set `true' on input line 4383.
Package hyperref Info: Option `bookmarksnumbered' set `true' on input line 4383
.
Package hyperref Info: Option `bookmarksopen' set `true' on input line 4383.
Package hyperref Info: Option `colorlinks' set `true' on input line 4383.


Package hyperref Warning: XeTeX driver only supports unicode.
(hyperref)                Enabling option `unicode'.

Package hyperref Info: Option `unicode' set `true' on input line 4383.
(/usr/share/texlive/texmf-dist/tex/latex/hyperref/puenc.def
File: puenc.def 2018/02/06 v6.86b Hyperref: PDF Unicode definition (HO)
)

Package hyperref Warning: pdfproducer: xdvipdfmx will use its own setting
(hyperref)                instead of the value given on input line 4383.

Package hyperref Info: Hyper figures OFF on input line 4509.
Package hyperref Info: Link nesting OFF on input line 4514.
Package hyperref Info: Hyper index ON on input line 4517.
Package hyperref Info: Plain pages OFF on input line 4524.
Package hyperref Info: Backreferencing OFF on input line 4529.
Package hyperref Info: Implicit mode ON; LaTeX internals redefined.
Package hyperref Info: Bookmarks ON on input line 4762.
\c@Hy@tempcnt=\count365
(/usr/share/texlive/texmf-dist/tex/latex/url/url.sty
\Urlmuskip=\muskip18
Package: url 2013/09/16  ver 3.4  Verb mode for urls, etc.
)
LaTeX Info: Redefining \url on input line 5115.
\XeTeXLinkMargin=\dimen309
\Fld@menulength=\count366
\Field@Width=\dimen310
\Fld@charsize=\dimen311
Package hyperref Info: Hyper figures OFF on input line 6369.
Package hyperref Info: Link nesting OFF on input line 6374.
Package hyperref Info: Hyper index ON on input line 6377.
Package hyperref Info: backreferencing OFF on input line 6384.
Package hyperref Info: Link coloring ON on input line 6387.
Package hyperref Info: Link coloring with OCG OFF on input line 6394.
Package hyperref Info: PDF/A mode OFF on input line 6399.
LaTeX Info: Redefining \ref on input line 6439.
LaTeX Info: Redefining \pageref on input line 6443.
\Hy@abspage=\count367
\c@Item=\count368
\c@Hfootnote=\count369
)
Package hyperref Info: Driver (autodetected): hxetex.

(/usr/share/texlive/texmf-dist/tex/latex/hyperref/hxetex.def
File: hxetex.def 2018/02/06 v6.86b Hyperref driver for XeTeX

(/usr/share/texlive/texmf-dist/tex/generic/oberdiek/stringenc.sty
Package: stringenc 2016/05/16 v1.11 Convert strings between diff. encodings (HO
)
)
\pdfm@box=\box63
\c@Hy@AnnotLevel=\count370
\HyField@AnnotCount=\count371
\Fld@listcount=\count372
\c@bookmark@seq@number=\count373

(/usr/share/texlive/texmf-dist/tex/latex/oberdiek/rerunfilecheck.sty
Package: rerunfilecheck 2016/05/16 v1.8 Rerun checks for auxiliary files (HO)
Package rerunfilecheck Info: Feature \pdfmdfivesum is not available
(rerunfilecheck)             (e.g. pdfTeX or LuaTeX with package `pdftexcmds').

(rerunfilecheck)             Therefore file contents cannot be checked efficien
tly
(rerunfilecheck)             and the loading of the package is aborted.
)
\Hy@SectionHShift=\skip113
))
\g__fontspec_family_TimesNewRoman_int=\count374
.................................................
. fontspec info: "defining-font"
. 
. Font family 'TimesNewRoman(0)' created for font 'Times New Roman' with
. options [Ligatures=TeX].
.  
.  This font family consists of the following NFSS series/shapes:
.  
. - 'normal' (m/n) with NFSS spec.: <->"Times New
. Roman/OT:script=latn;language=DFLT;mapping=tex-text;"
. - 'small caps'  (m/sc) with NFSS spec.: 
. - 'bold' (bx/n) with NFSS spec.: <->"Times New
. Roman/B/OT:script=latn;language=DFLT;mapping=tex-text;"
. - 'bold small caps'  (bx/sc) with NFSS spec.: 
. - 'italic' (m/it) with NFSS spec.: <->"Times New
. Roman/I/OT:script=latn;language=DFLT;mapping=tex-text;"
. - 'italic small caps'  (m/itsc) with NFSS spec.: 
. - 'bold italic' (bx/it) with NFSS spec.: <->"Times New
. Roman/BI/OT:script=latn;language=DFLT;mapping=tex-text;"
. - 'bold italic small caps'  (bx/itsc) with NFSS spec.: 
.................................................
LaTeX Info: Redefining \rmfamily on input line 55.
\g__fontspec_family_MyriadPro_int=\count375
.................................................
. fontspec info: "defining-font"
. 
. Font family 'MyriadPro(0)' created for font 'Myriad Pro' with options
. [Ligatures=TeX].
.  
.  This font family consists of the following NFSS series/shapes:
.  
. - 'normal' (m/n) with NFSS spec.: <->"Myriad
. Pro/OT:script=latn;language=DFLT;mapping=tex-text;"
. - 'small caps'  (m/sc) with NFSS spec.: 
. - 'bold' (bx/n) with NFSS spec.: <->"Myriad
. Pro/B/OT:script=latn;language=DFLT;mapping=tex-text;"
. - 'bold small caps'  (bx/sc) with NFSS spec.: 
. - 'italic' (m/it) with NFSS spec.: <->"Myriad
. Pro/I/OT:script=latn;language=DFLT;mapping=tex-text;"
. - 'italic small caps'  (m/itsc) with NFSS spec.: 
. - 'bold italic' (bx/it) with NFSS spec.: <->"Myriad
. Pro/BI/OT:script=latn;language=DFLT;mapping=tex-text;"
. - 'bold italic small caps'  (bx/itsc) with NFSS spec.: 
.................................................
LaTeX Info: Redefining \sffamily on input line 56.
.................................................
. fontspec info: "no-scripts"
. 
. Font "Courier" does not contain any OpenType `Script' information.
.................................................
\g__fontspec_family_Courier_int=\count376
.................................................
. fontspec info: "defining-font"
. 
. Font family 'Courier(0)' created for font 'Courier' with options
. [WordSpace={1,0,0},HyphenChar=None,PunctuationSpace=WordSpace].
.  
.  This font family consists of the following NFSS series/shapes:
.  
. - 'normal' (m/n) with NFSS spec.: <->"Courier/OT"
. - 'small caps'  (m/sc) with NFSS spec.: 
. and font adjustment code:
. \fontdimen 2\font =1\fontdimen 2\font \fontdimen 3\font =0\fontdimen 3\font
. \fontdimen 4\font =0\fontdimen 4\font \fontdimen 7\font =0\fontdimen 2\font
. \tex_hyphenchar:D \font =-1\scan_stop: 
. - 'bold' (bx/n) with NFSS spec.: <->"Courier/B/OT"
. - 'bold small caps'  (bx/sc) with NFSS spec.: 
. and font adjustment code:
. \fontdimen 2\font =1\fontdimen 2\font \fontdimen 3\font =0\fontdimen 3\font
. \fontdimen 4\font =0\fontdimen 4\font \fontdimen 7\font =0\fontdimen 2\font
. \tex_hyphenchar:D \font =-1\scan_stop: 
. - 'italic' (m/it) with NFSS spec.: <->"Courier/I/OT"
. - 'italic small caps'  (m/itsc) with NFSS spec.: 
. and font adjustment code:
. \fontdimen 2\font =1\fontdimen 2\font \fontdimen 3\font =0\fontdimen 3\font
. \fontdimen 4\font =0\fontdimen 4\font \fontdimen 7\font =0\fontdimen 2\font
. \tex_hyphenchar:D \font =-1\scan_stop: 
. - 'bold italic' (bx/it) with NFSS spec.: <->"Courier/BI/OT"
. - 'bold italic small caps'  (bx/itsc) with NFSS spec.: 
. and font adjustment code:
. \fontdimen 2\font =1\fontdimen 2\font \fontdimen 3\font =0\fontdimen 3\font
. \fontdimen 4\font =0\fontdimen 4\font \fontdimen 7\font =0\fontdimen 2\font
. \tex_hyphenchar:D \font =-1\scan_stop: 
.................................................
LaTeX Info: Redefining \ttfamily on input line 57.
\g__fontspec_family_SimSun_int=\count377
.................................................
. fontspec info: "no-font-shape"
. 
. Could not resolve font "SimSun/BI" (it probably doesn't exist).
.................................................
.................................................
. fontspec info: "no-font-shape"
. 
. Could not resolve font "SimSun/B" (it probably doesn't exist).
.................................................
.................................................
. fontspec info: "no-font-shape"
. 
. Could not resolve font "SimSun/I" (it probably doesn't exist).
.................................................
.................................................
. fontspec info: "defining-font"
. 
. Font family 'SimSun(0)' created for font 'SimSun' with options
. [Script={CJK}].
.  
.  This font family consists of the following NFSS series/shapes:
.  
. - 'normal' (m/n) with NFSS spec.: <->"SimSun/OT:script=hani;language=DFLT;"
. - 'small caps'  (m/sc) with NFSS spec.: 
.................................................

(/usr/share/texlive/texmf-dist/tex/xelatex/xecjk/xeCJK-listings.sty
Package: xeCJK-listings 2018/02/27 v3.6.1 xeCJK patch file for listings
\l__xeCJK_listings_max_char_int=\count378
\l__xeCJK_listings_flag_int=\count379
)
No file main.aux.
\openout1 = `main.aux'.

LaTeX Font Info:    Checking defaults for OML/cmm/m/it on input line 87.
LaTeX Font Info:    ... okay on input line 87.
LaTeX Font Info:    Checking defaults for T1/cmr/m/n on input line 87.
LaTeX Font Info:    ... okay on input line 87.
LaTeX Font Info:    Checking defaults for OT1/cmr/m/n on input line 87.
LaTeX Font Info:    ... okay on input line 87.
LaTeX Font Info:    Checking defaults for OMS/cmsy/m/n on input line 87.
LaTeX Font Info:    ... okay on input line 87.
LaTeX Font Info:    Checking defaults for TU/lmr/m/n on input line 87.
LaTeX Font Info:    ... okay on input line 87.
LaTeX Font Info:    Checking defaults for OMX/cmex/m/n on input line 87.
LaTeX Font Info:    ... okay on input line 87.
LaTeX Font Info:    Checking defaults for U/cmr/m/n on input line 87.
LaTeX Font Info:    ... okay on input line 87.
LaTeX Font Info:    Checking defaults for T3/cmr/m/n on input line 87.
LaTeX Font Info:    Try loading font information for T3+cmr on input line 87.
(/usr/share/texmf/tex/latex/tipa/t3cmr.fd
File: t3cmr.fd 2001/12/31 TIPA font definitions
)
LaTeX Font Info:    ... okay on input line 87.
LaTeX Font Info:    Checking defaults for PD1/pdf/m/n on input line 87.
LaTeX Font Info:    ... okay on input line 87.
LaTeX Font Info:    Checking defaults for PU/pdf/m/n on input line 87.
LaTeX Font Info:    ... okay on input line 87.

*geometry* driver: auto-detecting
*geometry* detected driver: xetex
*geometry* verbose mode - [ preamble ] result:
* driver: xetex
* paper: a4paper
* layout: <same size as paper>
* layoutoffset:(h,v)=(0.0pt,0.0pt)
* modes: 
* h-part:(L,W,R)=(86.72377pt, 424.06033pt, 86.72377pt)
* v-part:(T,H,B)=(57.81621pt, 671.5982pt, 115.63243pt)
* \paperwidth=597.50787pt
* \paperheight=845.04684pt
* \textwidth=424.06033pt
* \textheight=671.5982pt
* \oddsidemargin=14.45378pt
* \evensidemargin=14.45378pt
* \topmargin=-46.32758pt
* \headheight=12.0pt
* \headsep=19.8738pt
* \topskip=12.0pt
* \footskip=30.0pt
* \marginparwidth=38.0pt
* \marginparsep=7.0pt
* \columnsep=10.0pt
* \skip\footins=10.8pt plus 4.0pt minus 2.0pt
* \hoffset=0.0pt
* \voffset=0.0pt
* \mag=1000
* \@twocolumnfalse
* \@twosidefalse
* \@mparswitchfalse
* \@reversemarginfalse
* (1in=72.27pt=25.4mm, 1cm=28.453pt)


Package layouts Warning: Layout scale set to 0.5 on input line 87.

.................................................
. fontspec info: "setup-math"
. 
. Adjusting the maths setup (use [no-math] to avoid this).
.................................................
\symlegacymaths=\mathgroup10
LaTeX Font Info:    Overwriting symbol font `legacymaths' in version `bold'
(Font)                  OT1/cmr/m/n --> OT1/cmr/bx/n on input line 87.
LaTeX Font Info:    Redeclaring math accent \acute on input line 87.
LaTeX Font Info:    Redeclaring math accent \grave on input line 87.
LaTeX Font Info:    Redeclaring math accent \ddot on input line 87.
LaTeX Font Info:    Redeclaring math accent \tilde on input line 87.
LaTeX Font Info:    Redeclaring math accent \bar on input line 87.
LaTeX Font Info:    Redeclaring math accent \breve on input line 87.
LaTeX Font Info:    Redeclaring math accent \check on input line 87.
LaTeX Font Info:    Redeclaring math accent \hat on input line 87.
LaTeX Font Info:    Redeclaring math accent \dot on input line 87.
LaTeX Font Info:    Redeclaring math accent \mathring on input line 87.
LaTeX Font Info:    Redeclaring math symbol \Gamma on input line 87.
LaTeX Font Info:    Redeclaring math symbol \Delta on input line 87.
LaTeX Font Info:    Redeclaring math symbol \Theta on input line 87.
LaTeX Font Info:    Redeclaring math symbol \Lambda on input line 87.
LaTeX Font Info:    Redeclaring math symbol \Xi on input line 87.
LaTeX Font Info:    Redeclaring math symbol \Pi on input line 87.
LaTeX Font Info:    Redeclaring math symbol \Sigma on input line 87.
LaTeX Font Info:    Redeclaring math symbol \Upsilon on input line 87.
LaTeX Font Info:    Redeclaring math symbol \Phi on input line 87.
LaTeX Font Info:    Redeclaring math symbol \Psi on input line 87.
LaTeX Font Info:    Redeclaring math symbol \Omega on input line 87.
LaTeX Font Info:    Redeclaring math symbol \mathdollar on input line 87.
LaTeX Font Info:    Redeclaring symbol font `operators' on input line 87.
LaTeX Font Info:    Encoding `OT1' has changed to `TU' for symbol font
(Font)              `operators' in the math version `normal' on input line 87.
LaTeX Font Info:    Overwriting symbol font `operators' in version `normal'
(Font)                  OT1/cmr/m/n --> TU/TimesNewRoman(0)/m/n on input line 8
7.
LaTeX Font Info:    Encoding `OT1' has changed to `TU' for symbol font
(Font)              `operators' in the math version `bold' on input line 87.
LaTeX Font Info:    Overwriting symbol font `operators' in version `bold'
(Font)                  OT1/cmr/bx/n --> TU/TimesNewRoman(0)/m/n on input line 
87.
LaTeX Font Info:    Overwriting symbol font `operators' in version `normal'
(Font)                  TU/TimesNewRoman(0)/m/n --> TU/TimesNewRoman(0)/m/n on 
input line 87.
LaTeX Font Info:    Overwriting math alphabet `\mathit' in version `normal'
(Font)                  OT1/cmr/m/it --> TU/TimesNewRoman(0)/m/it on input line
 87.
LaTeX Font Info:    Overwriting math alphabet `\mathbf' in version `normal'
(Font)                  OT1/cmr/bx/n --> TU/TimesNewRoman(0)/bx/n on input line
 87.
LaTeX Font Info:    Overwriting math alphabet `\mathsf' in version `normal'
(Font)                  OT1/cmss/m/n --> TU/MyriadPro(0)/m/n on input line 87.
LaTeX Font Info:    Overwriting math alphabet `\mathtt' in version `normal'
(Font)                  OT1/cmtt/m/n --> TU/Courier(0)/m/n on input line 87.
LaTeX Font Info:    Overwriting symbol font `operators' in version `bold'
(Font)                  TU/TimesNewRoman(0)/m/n --> TU/TimesNewRoman(0)/bx/n on
 input line 87.
LaTeX Font Info:    Overwriting math alphabet `\mathit' in version `bold'
(Font)                  OT1/cmr/bx/it --> TU/TimesNewRoman(0)/bx/it on input li
ne 87.
LaTeX Font Info:    Overwriting math alphabet `\mathsf' in version `bold'
(Font)                  OT1/cmss/bx/n --> TU/MyriadPro(0)/bx/n on input line 87
.
LaTeX Font Info:    Overwriting math alphabet `\mathtt' in version `bold'
(Font)                  OT1/cmtt/m/n --> TU/Courier(0)/bx/n on input line 87.
ABD: EveryShipout initializing macros
\c@lstlisting=\count380
\AtBeginShipoutBox=\box64


Package hyperref Warning: Height of page (\stockheight) is invalid (0.0pt),
(hyperref)                using 11in.

Package hyperref Info: Link coloring ON on input line 87.
(/usr/share/texlive/texmf-dist/tex/latex/hyperref/nameref.sty
Package: nameref 2016/05/21 v2.44 Cross-referencing by name of section

(/usr/share/texlive/texmf-dist/tex/generic/oberdiek/gettitlestring.sty
Package: gettitlestring 2016/05/16 v1.5 Cleanup title references (HO)
)
\c@section@level=\count381
LaTeX Info: Redefining \Ref on input line 515.
)
LaTeX Info: Redefining \ref on input line 87.
LaTeX Info: Redefining \pageref on input line 87.
LaTeX Info: Redefining \nameref on input line 87.
\@outlinefile=\write4
\openout4 = `main.out'.

LaTeX Info: Redefining \Ref on input line 87.


Package hyperref Warning: Rerun to get /PageLabels entry.

! Undefined control sequence.
l.97 \xeCJKcaption
                  {gb_452}
? 
! Missing $ inserted.
<inserted text> 
                $
l.97 \xeCJKcaption{gb_
                      452}
? 
LaTeX Font Info:    Try loading font information for U+rsfs on input line 97.
(/usr/share/texlive/texmf-dist/tex/latex/jknapltx/ursfs.fd
File: ursfs.fd 1998/03/24 rsfs font definition file (jk)
)
! Extra }, or forgotten $.
l.97 \xeCJKcaption{gb_452}
                          
? 
(./setup/format.tex
! Missing $ inserted.
<inserted text> 
                $
l.12 
     
? 
! Undefined control sequence.
l.117 \xeCJKcaption
                   {gb_452}
? 
! Missing $ inserted.
<inserted text> 
                $
l.117 \xeCJKcaption{gb_
                       452}
? 
! Extra }, or forgotten $.
l.117 \xeCJKcaption{gb_452}
                           
? 
! Missing $ inserted.
<inserted text> 
                $
l.118 
      
? 
\CJKtwospaces=\skip114
\AphorismAuthor=\box65
\c@newlist=\count382
\g__fontspec_family_TeXGyreCursor_int=\count383
.................................................
. fontspec info: "defining-font"
. 
. Font family 'TeXGyreCursor(0)' created for font 'TeX Gyre Cursor' with
. options [].
.  
.  This font family consists of the following NFSS series/shapes:
.  
. - 'normal' (m/n) with NFSS spec.: <->"TeX Gyre
. Cursor/OT:script=latn;language=DFLT;"
. - 'small caps'  (m/sc) with NFSS spec.: <->"TeX Gyre
. Cursor/OT:script=latn;language=DFLT;+smcp;"
. - 'bold' (bx/n) with NFSS spec.: <->"TeX Gyre
. Cursor/B/OT:script=latn;language=DFLT;"
. - 'bold small caps'  (bx/sc) with NFSS spec.: <->"TeX Gyre
. Cursor/B/OT:script=latn;language=DFLT;+smcp;"
. - 'italic' (m/it) with NFSS spec.: <->"TeX Gyre
. Cursor/I/OT:script=latn;language=DFLT;"
. - 'italic small caps'  (m/itsc) with NFSS spec.: <->"TeX Gyre
. Cursor/I/OT:script=latn;language=DFLT;+smcp;"
. - 'bold italic' (bx/it) with NFSS spec.: <->"TeX Gyre
. Cursor/BI/OT:script=latn;language=DFLT;"
. - 'bold italic small caps'  (bx/itsc) with NFSS spec.: <->"TeX Gyre
. Cursor/BI/OT:script=latn;language=DFLT;+smcp;"
.................................................
\g__fontspec_family_TeXGyrePagella_int=\count384
.................................................
. fontspec info: "defining-font"
. 
. Font family 'TeXGyrePagella(0)' created for font 'TeX Gyre Pagella' with
. options [].
.  
.  This font family consists of the following NFSS series/shapes:
.  
. - 'normal' (m/n) with NFSS spec.: <->"TeX Gyre
. Pagella/OT:script=latn;language=DFLT;"
. - 'small caps'  (m/sc) with NFSS spec.: <->"TeX Gyre
. Pagella/OT:script=latn;language=DFLT;+smcp;"
. - 'bold' (bx/n) with NFSS spec.: <->"TeX Gyre
. Pagella/B/OT:script=latn;language=DFLT;"
. - 'bold small caps'  (bx/sc) with NFSS spec.: <->"TeX Gyre
. Pagella/B/OT:script=latn;language=DFLT;+smcp;"
. - 'italic' (m/it) with NFSS spec.: <->"TeX Gyre
. Pagella/I/OT:script=latn;language=DFLT;"
. - 'italic small caps'  (m/itsc) with NFSS spec.: <->"TeX Gyre
. Pagella/I/OT:script=latn;language=DFLT;+smcp;"
. - 'bold italic' (bx/it) with NFSS spec.: <->"TeX Gyre
. Pagella/BI/OT:script=latn;language=DFLT;"
. - 'bold italic small caps'  (bx/itsc) with NFSS spec.: <->"TeX Gyre
. Pagella/BI/OT:script=latn;language=DFLT;+smcp;"
.................................................
)
Missing character: There is no   in font nwpulogo/OT!

*************************************************
* fontspec warning: "script-not-exist"
* 
* Font 'nwpulogo' does not contain script 'CJK'.
*************************************************
\g__fontspec_family_nwpulogo_int=\count385
.................................................
. fontspec info: "no-font-shape"
. 
. Could not resolve font "nwpulogo/BI" (it probably doesn't exist).
.................................................
.................................................
. fontspec info: "no-font-shape"
. 
. Could not resolve font "nwpulogo/B" (it probably doesn't exist).
.................................................
.................................................
. fontspec info: "no-font-shape"
. 
. Could not resolve font "nwpulogo/I" (it probably doesn't exist).
.................................................
.................................................
. fontspec info: "defining-font"
. 
. Font family 'nwpulogo(0)' created for font 'nwpulogo' with options
. [Script={CJK}].
.  
.  This font family consists of the following NFSS series/shapes:
.  
. - 'normal' (m/n) with NFSS spec.: <->"nwpulogo/OT"
. - 'small caps'  (m/sc) with NFSS spec.: 
.................................................

LaTeX Font Warning: Font shape `TU/SimSun(0)/bx/n' undefined
(Font)              using `TU/SimSun(0)/m/n' instead on input line 107.

[1

]
\openout2 = `preface/cover.aux'.

 (./preface/cover.tex (./logo.tex
Missing character: There is no ; in font nullfont!
Missing character: There is no   in font nwpulogo/OT!
Missing character: There is no ; in font nullfont!
Missing character: There is no ; in font nullfont!
)
Overfull \hbox (101.29214pt too wide) in paragraph at lines 29--25
[][] 
 []

Missing character: There is no   in font nwpulogo/OT!
\g__fontspec_family_SimHei_int=\count386
.................................................
. fontspec info: "no-font-shape"
. 
. Could not resolve font "SimHei/BI" (it probably doesn't exist).
.................................................
.................................................
. fontspec info: "no-font-shape"
. 
. Could not resolve font "SimHei/B" (it probably doesn't exist).
.................................................
.................................................
. fontspec info: "no-font-shape"
. 
. Could not resolve font "SimHei/I" (it probably doesn't exist).
.................................................
.................................................
. fontspec info: "defining-font"
. 
. Font family 'SimHei(0)' created for font 'SimHei' with options
. [Script={CJK}].
.  
.  This font family consists of the following NFSS series/shapes:
.  
. - 'normal' (m/n) with NFSS spec.: <->"SimHei/OT:script=hani;language=DFLT;"
. - 'small caps'  (m/sc) with NFSS spec.: 
.................................................
LaTeX Font Info:    Calculating math sizes for size <16> on input line 36.

LaTeX Font Warning: Font shape `U/rsfs/m/n' in size <16> not available
(Font)              size <17.28> substituted on input line 36.

LaTeX Font Info:    Calculating math sizes for size <14> on input line 40.
[1



])
\openout2 = `preface/c_abstract.aux'.

 (./preface/c_abstract.tex
! Undefined control sequence.
\chaptername ->\CJKprechaptername 
                                  \CJKthechapter \CJKchaptername 
l.24 \chapter{~~~~}
                         
? 
! Undefined control sequence.
\chaptername ->\CJKprechaptername \CJKthechapter 
                                                 \CJKchaptername 
l.24 \chapter{~~~~}
                         
? 
! Undefined control sequence.
\chaptername ...me \CJKthechapter \CJKchaptername 
                                                  
l.24 \chapter{~~~~}
                         
? 
) [1



]
\openout2 = `preface/e_abstract.aux'.

 (./preface/e_abstract.tex
! Undefined control sequence.
\chaptername ->\CJKprechaptername 
                                  \CJKthechapter \CJKchaptername 
l.23 ...]{\textsf{\textbf{Abstract}}}
                                                  
? 
! Undefined control sequence.
\chaptername ->\CJKprechaptername \CJKthechapter 
                                                 \CJKchaptername 
l.23 ...]{\textsf{\textbf{Abstract}}}
                                                  
? 
! Undefined control sequence.
\chaptername ...me \CJKthechapter \CJKchaptername 
                                                  
l.23 ...]{\textsf{\textbf{Abstract}}}
                                                  
? 

LaTeX Font Warning: Font shape `TU/TimesNewRoman(0)/m/sc' undefined
(Font)              using `TU/TimesNewRoman(0)/m/n' instead on input line 33.

) [2



]
\tf@toc=\write5
\openout5 = `main.toc'.

 [3


]
\openout2 = `body/preface.aux'.

 (./body/preface.tex
! Undefined control sequence.
\chaptername ->\CJKprechaptername 
                                  \CJKthechapter \CJKchaptername 
l.1 \chapter{}
                    \label{preface}
? 
! Undefined control sequence.
\chaptername ->\CJKprechaptername \CJKthechapter 
                                                 \CJKchaptername 
l.1 \chapter{}
                    \label{preface}
? 
! Undefined control sequence.
\chaptername ...me \CJKthechapter \CJKchaptername 
                                                  
l.1 \chapter{}
                    \label{preface}
? 
 1.
! Undefined control sequence.
\chaptername ->\CJKprechaptername 
                                  \CJKthechapter \CJKchaptername 
l.1 \chapter{}
                    \label{preface}
? 
! Undefined control sequence.
\chaptername ->\CJKprechaptername \CJKthechapter 
                                                 \CJKchaptername 
l.1 \chapter{}
                    \label{preface}
? 
! Undefined control sequence.
\chaptername ...me \CJKthechapter \CJKchaptername 
                                                  
l.1 \chapter{}
                    \label{preface}
? 
! Undefined control sequence.
\chaptername ->\CJKprechaptername 
                                  \CJKthechapter \CJKchaptername 
l.1 \chapter{}
                    \label{preface}
? 
! Undefined control sequence.
\chaptername ->\CJKprechaptername \CJKthechapter 
                                                 \CJKchaptername 
l.1 \chapter{}
                    \label{preface}
? 
! Undefined control sequence.
\chaptername ...me \CJKthechapter \CJKchaptername 
                                                  
l.1 \chapter{}
                    \label{preface}
? 
LaTeX Font Info:    Calculating math sizes for size <12.5> on input line 6.

LaTeX Font Warning: Font shape `U/rsfs/m/n' in size <12.5> not available
(Font)              size <12> substituted on input line 6.


LaTeX Warning: Citation `lixiaowei2007' on page 1 undefined on input line 6.


LaTeX Warning: Citation `butler2004vfc' on page 1 undefined on input line 9.


LaTeX Warning: Citation `kim2007hmc' on page 1 undefined on input line 12.

[1



]

LaTeX Warning: Citation `wanglin2006' on page 2 undefined on input line 15.


LaTeX Warning: Reference `preface' on page 2 undefined on input line 32.


LaTeX Warning: Reference `introduction' on page 2 undefined on input line 34.


LaTeX Warning: Reference `le' on page 2 undefined on input line 36.

[2]

LaTeX Warning: Reference `routing' on page 3 undefined on input line 38.


LaTeX Warning: Reference `forward' on page 3 undefined on input line 40.


LaTeX Warning: Reference `simulate' on page 3 undefined on input line 42.


LaTeX Warning: Reference `conclusion' on page 3 undefined on input line 44.

) [3]
\openout2 = `body/introduction.aux'.

 (./body/introduction.tex
! Undefined control sequence.
\chaptername ->\CJKprechaptername 
                                  \CJKthechapter \CJKchaptername 
l.1 \chapter{}
                                   \label{introduction}
? 
! Undefined control sequence.
\chaptername ->\CJKprechaptername \CJKthechapter 
                                                 \CJKchaptername 
l.1 \chapter{}
                                   \label{introduction}
? 
! Undefined control sequence.
\chaptername ...me \CJKthechapter \CJKchaptername 
                                                  
l.1 \chapter{}
                                   \label{introduction}
? 
 2.
! Undefined control sequence.
\chaptername ->\CJKprechaptername 
                                  \CJKthechapter \CJKchaptername 
l.1 \chapter{}
                                   \label{introduction}
? 
! Undefined control sequence.
\chaptername ->\CJKprechaptername \CJKthechapter 
                                                 \CJKchaptername 
l.1 \chapter{}
                                   \label{introduction}
? 
! Undefined control sequence.
\chaptername ...me \CJKthechapter \CJKchaptername 
                                                  
l.1 \chapter{}
                                   \label{introduction}
? 
! Undefined control sequence.
\chaptername ->\CJKprechaptername 
                                  \CJKthechapter \CJKchaptername 
l.1 \chapter{}
                                   \label{introduction}
? 
! Undefined control sequence.
\chaptername ->\CJKprechaptername \CJKthechapter 
                                                 \CJKchaptername 
l.1 \chapter{}
                                   \label{introduction}
? 
! Undefined control sequence.
\chaptername ...me \CJKthechapter \CJKchaptername 
                                                  
l.1 \chapter{}
                                   \label{introduction}
? 

LaTeX Warning: Citation `sunlimin2005' on page 4 undefined on input line 4.

(./figures/wsn-scenario.tex
Missing character: There is no ; in font nullfont!
Missing character: There is no ; in font nullfont!
Missing character: There is no ; in font nullfont!
\g__fontspec_family_KaiTi_GB2312_int=\count387
.................................................
. fontspec info: "no-font-shape"
. 
. Could not resolve font "KaiTi_GB2312/BI" (it probably doesn't exist).
.................................................
.................................................
. fontspec info: "no-font-shape"
. 
. Could not resolve font "KaiTi_GB2312/B" (it probably doesn't exist).
.................................................
.................................................
. fontspec info: "no-font-shape"
. 
. Could not resolve font "KaiTi_GB2312/I" (it probably doesn't exist).
.................................................
.................................................
. fontspec info: "defining-font"
. 
. Font family 'KaiTi_GB2312(0)' created for font 'KaiTi_GB2312' with options
. [Script={CJK}].
.  
.  This font family consists of the following NFSS series/shapes:
.  
. - 'normal' (m/n) with NFSS spec.:
. <->"KaiTi_GB2312/OT:script=hani;language=DFLT;"
. - 'small caps'  (m/sc) with NFSS spec.: 
.................................................
)

LaTeX Warning: Reference `wsn-scenario' on page 4 undefined on input line 11.


LaTeX Warning: Reference `sense-node' on page 4 undefined on input line 14.

(./figures/sense-node.tex) [4



]

LaTeX Warning: Citation `tinyos-web' on page 5 undefined on input line 35.

[5]

LaTeX Warning: Citation `gay2003nlh' on page 6 undefined on input line 37.


LaTeX Warning: Citation `gay2002nlr' on page 6 undefined on input line 37.


LaTeX Warning: Citation `sohraby2007wsn' on page 6 undefined on input line 40.

[6] [7]

LaTeX Warning: Citation `tep119' on page 8 undefined on input line 81.


LaTeX Warning: Citation `tep123' on page 8 undefined on input line 107.

\g__fontspec_family_FangSong_GB2312_int=\count388
.................................................
. fontspec info: "no-font-shape"
. 
. Could not resolve font "FangSong_GB2312/BI" (it probably doesn't exist).
.................................................
.................................................
. fontspec info: "no-font-shape"
. 
. Could not resolve font "FangSong_GB2312/B" (it probably doesn't exist).
.................................................
.................................................
. fontspec info: "no-font-shape"
. 
. Could not resolve font "FangSong_GB2312/I" (it probably doesn't exist).
.................................................
.................................................
. fontspec info: "defining-font"
. 
. Font family 'FangSong_GB2312(0)' created for font 'FangSong_GB2312' with
. options [Script={CJK}].
.  
.  This font family consists of the following NFSS series/shapes:
.  
. - 'normal' (m/n) with NFSS spec.:
. <->"FangSong_GB2312/OT:script=hani;language=DFLT;"
. - 'small caps'  (m/sc) with NFSS spec.: 
.................................................

LaTeX Warning: Reference `ctp-files' on page 8 undefined on input line 111.


LaTeX Warning: Reference `ctp-structure' on page 8 undefined on input line 135.


(./figures/ctp-structure.tex
(/usr/share/texlive/texmf-dist/tex/generic/pgf/frontendlayer/tikz/libraries/tik
zlibraryshapes.multipart.code.tex
File: tikzlibraryshapes.multipart.code.tex 2008/01/09 v3.0.1a (rcs-revision 1.1
)

(/usr/share/texlive/texmf-dist/tex/generic/pgf/libraries/shapes/pgflibraryshape
s.multipart.code.tex
File: pgflibraryshapes.multipart.code.tex 2010/01/07 v3.0.1a (rcs-revision 1.2)

\pgfnodepartlowerbox=\box66
\pgfnodeparttwobox=\box67
\pgfnodepartthreebox=\box68
\pgfnodepartfourbox=\box69
\pgfnodeparttwentybox=\box70
\pgfnodepartnineteenbox=\box71
\pgfnodeparteighteenbox=\box72
\pgfnodepartseventeenbox=\box73
\pgfnodepartsixteenbox=\box74
\pgfnodepartfifteenbox=\box75
\pgfnodepartfourteenbox=\box76
\pgfnodepartthirteenbox=\box77
\pgfnodeparttwelvebox=\box78
\pgfnodepartelevenbox=\box79
\pgfnodeparttenbox=\box80
\pgfnodepartninebox=\box81
\pgfnodeparteightbox=\box82
\pgfnodepartsevenbox=\box83
\pgfnodepartsixbox=\box84
\pgfnodepartfivebox=\box85
))) [8]) [9]
\openout2 = `body/le.aux'.

 (./body/le.tex
! Undefined control sequence.
\chaptername ->\CJKprechaptername 
                                  \CJKthechapter \CJKchaptername 
l.1 \chapter{}
                             \label{le}
? 
! Undefined control sequence.
\chaptername ->\CJKprechaptername \CJKthechapter 
                                                 \CJKchaptername 
l.1 \chapter{}
                             \label{le}
? 
! Undefined control sequence.
\chaptername ...me \CJKthechapter \CJKchaptername 
                                                  
l.1 \chapter{}
                             \label{le}
? 
 3.
! Undefined control sequence.
\chaptername ->\CJKprechaptername 
                                  \CJKthechapter \CJKchaptername 
l.1 \chapter{}
                             \label{le}
? 
! Undefined control sequence.
\chaptername ->\CJKprechaptername \CJKthechapter 
                                                 \CJKchaptername 
l.1 \chapter{}
                             \label{le}
? 
! Undefined control sequence.
\chaptername ...me \CJKthechapter \CJKchaptername 
                                                  
l.1 \chapter{}
                             \label{le}
? 
! Undefined control sequence.
\chaptername ->\CJKprechaptername 
                                  \CJKthechapter \CJKchaptername 
l.1 \chapter{}
                             \label{le}
? 
! Undefined control sequence.
\chaptername ->\CJKprechaptername \CJKthechapter 
                                                 \CJKchaptername 
l.1 \chapter{}
                             \label{le}
? 
! Undefined control sequence.
\chaptername ...me \CJKthechapter \CJKchaptername 
                                                  
l.1 \chapter{}
                             \label{le}
? 

LaTeX Warning: Citation `tep124' on page 10 undefined on input line 8.


LaTeX Warning: Reference `fig:subfig:a' on page 10 undefined on input line 17.


LaTeX Warning: Reference `fig:subfig:b' on page 10 undefined on input line 73.

[10



]

LaTeX Warning: Reference `fig:subfig:c' on page 11 undefined on input line 88.

[11]

LaTeX Warning: Reference `leep-frame-structure' on page 12 undefined on input l
ine 117.


LaTeX Warning: Reference `leep-frame-head' on page 12 undefined on input line 1
35.


LaTeX Warning: Reference `link-info-frame' on page 12 undefined on input line 1
67.

[12]

LaTeX Warning: Reference `ld-estimate' on page 13 undefined on input line 227.

(./figures/ld-estimate.tex) [13] [14]

LaTeX Warning: Citation `fonseca2007fbw' on page 15 undefined on input line 288
.

[15]) [16]
\openout2 = `body/routing.aux'.

 (./body/routing.tex
! Undefined control sequence.
\chaptername ->\CJKprechaptername 
                                  \CJKthechapter \CJKchaptername 
l.1 \chapter{}
                          \label{routing}
? 
! Undefined control sequence.
\chaptername ->\CJKprechaptername \CJKthechapter 
                                                 \CJKchaptername 
l.1 \chapter{}
                          \label{routing}
? 
! Undefined control sequence.
\chaptername ...me \CJKthechapter \CJKchaptername 
                                                  
l.1 \chapter{}
                          \label{routing}
? 
 4.
! Undefined control sequence.
\chaptername ->\CJKprechaptername 
                                  \CJKthechapter \CJKchaptername 
l.1 \chapter{}
                          \label{routing}
? 
! Undefined control sequence.
\chaptername ->\CJKprechaptername \CJKthechapter 
                                                 \CJKchaptername 
l.1 \chapter{}
                          \label{routing}
? 
! Undefined control sequence.
\chaptername ...me \CJKthechapter \CJKchaptername 
                                                  
l.1 \chapter{}
                          \label{routing}
? 
! Undefined control sequence.
\chaptername ->\CJKprechaptername 
                                  \CJKthechapter \CJKchaptername 
l.1 \chapter{}
                          \label{routing}
? 
! Undefined control sequence.
\chaptername ->\CJKprechaptername \CJKthechapter 
                                                 \CJKchaptername 
l.1 \chapter{}
                          \label{routing}
? 
! Undefined control sequence.
\chaptername ...me \CJKthechapter \CJKchaptername 
                                                  
l.1 \chapter{}
                          \label{routing}
? 

LaTeX Warning: Citation `stevens1993tii' on page 17 undefined on input line 5.


LaTeX Warning: Reference `etx-tree' on page 17 undefined on input line 9.

(./figures/etx-tree.tex
(/usr/share/texlive/texmf-dist/tex/generic/pgf/frontendlayer/tikz/libraries/tik
zlibrarytrees.code.tex
File: tikzlibrarytrees.code.tex 2008/02/24 v3.0.1a (rcs-revision 1.2)
))

LaTeX Warning: Reference `route-table' on page 17 undefined on input line 16.

[17



]

LaTeX Warning: Reference `ctp-route-frame' on page 18 undefined on input line 3
8.

[18] [19]

LaTeX Warning: Reference `route-engine' on page 20 undefined on input line 143.


[20] (./figures/route-engine.tex)) [21]
\openout2 = `body/forward.aux'.

 (./body/forward.tex
! Undefined control sequence.
\ch